<?xml version="1.0" encoding="UTF-8"?>
<testsuite name="tasks.tests.test_update_executed_task_status_command.UpdateExecutedTaskStatusTestCase-20250630235212" tests="6" file="tasks/tests/test_update_executed_task_status_command.py" time="0.123" timestamp="2025-06-30T23:54:31" failures="0" errors="0" skipped="0">
	<testcase classname="tasks.tests.test_update_executed_task_status_command.UpdateExecutedTaskStatusTestCase" name="test_update_executed_task_status_command" time="0.028" timestamp="2025-06-30T23:54:31" file="advisor/tasks/tests/test_update_executed_task_status_command.py" line="39"/>
	<testcase classname="tasks.tests.test_update_executed_task_status_command.UpdateExecutedTaskStatusTestCase" name="test_update_executed_task_status_command_delete_parameter" time="0.021" timestamp="2025-06-30T23:54:31" file="advisor/tasks/tests/test_update_executed_task_status_command.py" line="118"/>
	<testcase classname="tasks.tests.test_update_executed_task_status_command.UpdateExecutedTaskStatusTestCase" name="test_update_executed_task_status_command_executed_task_parameter" time="0.016" timestamp="2025-06-30T23:54:31" file="advisor/tasks/tests/test_update_executed_task_status_command.py" line="69"/>
	<testcase classname="tasks.tests.test_update_executed_task_status_command.UpdateExecutedTaskStatusTestCase" name="test_update_executed_task_status_command_job_parameter" time="0.017" timestamp="2025-06-30T23:54:31" file="advisor/tasks/tests/test_update_executed_task_status_command.py" line="81"/>
	<testcase classname="tasks.tests.test_update_executed_task_status_command.UpdateExecutedTaskStatusTestCase" name="test_update_executed_task_status_command_org_id_parameter" time="0.020" timestamp="2025-06-30T23:54:31" file="advisor/tasks/tests/test_update_executed_task_status_command.py" line="93"/>
	<testcase classname="tasks.tests.test_update_executed_task_status_command.UpdateExecutedTaskStatusTestCase" name="test_update_executed_task_status_command_task_parameter" time="0.021" timestamp="2025-06-30T23:54:31" file="advisor/tasks/tests/test_update_executed_task_status_command.py" line="105"/>
</testsuite>
