<?xml version="1.0" encoding="UTF-8"?>
<testsuite name="api.tests.test_parameter_parsing.ParameterParsingTestCase-20250630054001" tests="6" file="api/tests/test_parameter_parsing.py" time="0.043" timestamp="2025-06-30T05:40:22" failures="0" errors="0" skipped="0">
	<testcase classname="api.tests.test_parameter_parsing.ParameterParsingTestCase" name="test_array_already_supplied" time="0.001" timestamp="2025-06-30T05:40:22" file="advisor/api/tests/test_parameter_parsing.py" line="108"/>
	<testcase classname="api.tests.test_parameter_parsing.ParameterParsingTestCase" name="test_array_not_supplied" time="0.001" timestamp="2025-06-30T05:40:22" file="advisor/api/tests/test_parameter_parsing.py" line="132"/>
	<testcase classname="api.tests.test_parameter_parsing.ParameterParsingTestCase" name="test_array_on_single_param" time="0.001" timestamp="2025-06-30T05:40:22" file="advisor/api/tests/test_parameter_parsing.py" line="80"/>
	<testcase classname="api.tests.test_parameter_parsing.ParameterParsingTestCase" name="test_bad_array_collection_format" time="0.021" timestamp="2025-06-30T05:40:22" file="advisor/api/tests/test_parameter_parsing.py" line="41"/>
	<testcase classname="api.tests.test_parameter_parsing.ParameterParsingTestCase" name="test_datetime_parameter" time="0.014" timestamp="2025-06-30T05:40:22" file="advisor/api/tests/test_parameter_parsing.py" line="164"/>
	<testcase classname="api.tests.test_parameter_parsing.ParameterParsingTestCase" name="test_numeric_parameter" time="0.005" timestamp="2025-06-30T05:40:22" file="advisor/api/tests/test_parameter_parsing.py" line="142"/>
</testsuite>
