<?xml version="1.0" encoding="UTF-8"?>
<testsuite name="api.tests.test_preferences_view.PreferencesTestCase-20250630054001" tests="2" file="api/tests/test_preferences_view.py" time="0.035" timestamp="2025-06-30T05:40:29" failures="0" errors="0" skipped="0">
	<testcase classname="api.tests.test_preferences_view.PreferencesTestCase" name="test_preferences_ddf_view" time="0.009" timestamp="2025-06-30T05:40:29" file="advisor/api/tests/test_preferences_view.py" line="38"/>
	<testcase classname="api.tests.test_preferences_view.PreferencesTestCase" name="test_preferences_update" time="0.026" timestamp="2025-06-30T05:40:29" file="advisor/api/tests/test_preferences_view.py" line="64"/>
</testsuite>
