<?xml version="1.0" encoding="UTF-8"?>
<testsuite name="api.tests.test_import_content.ImportContentRuleRenamingTestCase-20250630054001" tests="2" file="api/tests/test_import_content.py" time="0.402" timestamp="2025-06-30T05:40:16" failures="0" errors="0" skipped="0">
	<testcase classname="api.tests.test_import_content.ImportContentRuleRenamingTestCase" name="test_fixture_matches_test_data" time="0.010" timestamp="2025-06-30T05:40:16" file="advisor/api/tests/test_import_content.py" line="1449"/>
	<testcase classname="api.tests.test_import_content.ImportContentRuleRenamingTestCase" name="test_rule_renaming" time="0.392" timestamp="2025-06-30T05:40:16" file="advisor/api/tests/test_import_content.py" line="1478"/>
</testsuite>
