<?xml version="1.0" encoding="UTF-8"?>
<testsuite name="tasks.tests.test_rbac.RBACTestCase-20250630054001" tests="3" file="tasks/tests/test_rbac.py" time="0.096" timestamp="2025-06-30T05:41:08" failures="0" errors="0" skipped="0">
	<testcase classname="tasks.tests.test_rbac.RBACTestCase" name="test_rbac_basic_allowed" time="0.033" timestamp="2025-06-30T05:41:08" file="advisor/tasks/tests/test_rbac.py" line="62"/>
	<testcase classname="tasks.tests.test_rbac.RBACTestCase" name="test_rbac_basic_allowed_full_response" time="0.049" timestamp="2025-06-30T05:41:08" file="advisor/tasks/tests/test_rbac.py" line="79"/>
	<testcase classname="tasks.tests.test_rbac.RBACTestCase" name="test_rbac_basic_denied" time="0.014" timestamp="2025-06-30T05:41:08" file="advisor/tasks/tests/test_rbac.py" line="121"/>
</testsuite>
