<?xml version="1.0" encoding="UTF-8"?>
<testsuite name="api.tests.test_rbac.RBACTestCase-20250630235212" tests="16" file="api/tests/test_rbac.py" time="2.545" timestamp="2025-06-30T23:53:59" failures="0" errors="0" skipped="0">
	<testcase classname="api.tests.test_rbac.RBACTestCase" name="test_no_auth_header" time="0.050" timestamp="2025-06-30T23:53:57" file="advisor/api/tests/test_rbac.py" line="134">
		<!--
        Some views should bypass rbac if auth headers are not present
        -->
	</testcase>
	<testcase classname="api.tests.test_rbac.RBACTestCase" name="test_rbac_bad_req_permissions" time="0.001" timestamp="2025-06-30T23:53:57" file="advisor/api/tests/test_rbac.py" line="526">
		<!--
        has_rbac_permission should raise an exception if not given a
        permission in app:resource:action format.
        -->
	</testcase>
	<testcase classname="api.tests.test_rbac.RBACTestCase" name="test_rbac_disabled" time="0.184" timestamp="2025-06-30T23:53:57" file="advisor/api/tests/test_rbac.py" line="152">
		<!--
        If RBAC is disabled, all views should be available; even internal
        views.  RBAC here is separate from RH identity authentication.
        -->
	</testcase>
	<testcase classname="api.tests.test_rbac.RBACTestCase" name="test_rbac_enabled_and_access_denied" time="0.043" timestamp="2025-06-30T23:53:57" file="advisor/api/tests/test_rbac.py" line="187">
		<!--
        View should return a 403 with RBAC enabled and denying us access to it
        -->
	</testcase>
	<testcase classname="api.tests.test_rbac.RBACTestCase" name="test_rbac_enabled_bad_rbac_response" time="0.452" timestamp="2025-06-30T23:53:57" file="advisor/api/tests/test_rbac.py" line="164">
		<!--
        View should return a 403 with RBAC enabled and a bad response from RBAC
        -->
	</testcase>
	<testcase classname="api.tests.test_rbac.RBACTestCase" name="test_rbac_enabled_good_rbac_response_good_and_bad_permissions" time="0.161" timestamp="2025-06-30T23:53:58" file="advisor/api/tests/test_rbac.py" line="330">
		<!--
        View should return 200 with RBAC enabled and providing good and malformed permissions
        -->
	</testcase>
	<testcase classname="api.tests.test_rbac.RBACTestCase" name="test_rbac_enabled_good_rbac_response_good_permissions" time="0.149" timestamp="2025-06-30T23:53:58" file="advisor/api/tests/test_rbac.py" line="301">
		<!--
        View should return 200 with RBAC enabled and good permissions
        -->
	</testcase>
	<testcase classname="api.tests.test_rbac.RBACTestCase" name="test_rbac_enabled_good_rbac_response_no_data" time="0.038" timestamp="2025-06-30T23:53:58" file="advisor/api/tests/test_rbac.py" line="256">
		<!--
        View should return 403 with RBAC enabled and bad permissions
        -->
	</testcase>
	<testcase classname="api.tests.test_rbac.RBACTestCase" name="test_rbac_enabled_good_rbac_response_no_permissions" time="0.039" timestamp="2025-06-30T23:53:58" file="advisor/api/tests/test_rbac.py" line="279">
		<!--
        View should return 403 with RBAC enabled and bad permissions
        -->
	</testcase>
	<testcase classname="api.tests.test_rbac.RBACTestCase" name="test_rbac_enabled_good_rbac_response_read_permissions" time="0.161" timestamp="2025-06-30T23:53:58" file="advisor/api/tests/test_rbac.py" line="363">
		<!--
        View should return 200 with RBAC enabled and read-only permissions
        -->
	</testcase>
	<testcase classname="api.tests.test_rbac.RBACTestCase" name="test_rbac_enabled_good_rbac_response_read_permissions_other" time="0.180" timestamp="2025-06-30T23:53:58" file="advisor/api/tests/test_rbac.py" line="401">
		<!--
        View should return 200 with RBAC enabled and read-only permissions
        -->
	</testcase>
	<testcase classname="api.tests.test_rbac.RBACTestCase" name="test_rbac_enabled_rbac_raises_exception" time="0.412" timestamp="2025-06-30T23:53:59" file="advisor/api/tests/test_rbac.py" line="210">
		<!--
        View should return a 403 with RBAC enabled and connection failure from RBAC
        -->
	</testcase>
	<testcase classname="api.tests.test_rbac.RBACTestCase" name="test_rbac_enabled_rbac_timed_out" time="0.064" timestamp="2025-06-30T23:53:59" file="advisor/api/tests/test_rbac.py" line="233">
		<!--
        View should return a 403 with RBAC enabled and no timely response from RBAC
        -->
	</testcase>
	<testcase classname="api.tests.test_rbac.RBACTestCase" name="test_rbac_granular_rbac_resources" time="0.462" timestamp="2025-06-30T23:53:59" file="advisor/api/tests/test_rbac.py" line="506">
		<!--
        RBAC granular permissions for a specific resource only, everything
        else denied.  We use this instead of lots of copy and paste.
        -->
	</testcase>
	<testcase classname="api.tests.test_rbac.RBACTestCase" name="test_rbac_granular_rbac_resources_read" time="0.147" timestamp="2025-06-30T23:53:59" file="advisor/api/tests/test_rbac.py" line="515">
		<!--
        RBAC granular permissions for a specific resource that is read only.
        -->
	</testcase>
	<testcase classname="api.tests.test_rbac.RBACTestCase" name="test_rbac_permission_request_caching" time="0.002" timestamp="2025-06-30T23:53:59" file="advisor/api/tests/test_rbac.py" line="535">
		<!--
        Check that has_rbac_permission actually caches the data from RBAC if
        given a semi-valid request object.
        -->
	</testcase>
</testsuite>
