<?xml version="1.0" encoding="UTF-8"?>
<testsuite name="api.tests.test_weekly_report_command.WeeklyReportEmailTest-20250630054001" tests="6" file="api/tests/test_weekly_report_command.py" time="1.745" timestamp="2025-06-30T05:40:54" failures="0" errors="0" skipped="0">
	<testcase classname="api.tests.test_weekly_report_command.WeeklyReportEmailTest" name="test_user_account_details_middleware_users_not_in_response" time="0.016" timestamp="2025-06-30T05:40:52" file="advisor/api/tests/test_weekly_report_command.py" line="307"/>
	<testcase classname="api.tests.test_weekly_report_command.WeeklyReportEmailTest" name="test_weekly_report_emails_command" time="1.095" timestamp="2025-06-30T05:40:54" file="advisor/api/tests/test_weekly_report_command.py" line="141"/>
	<testcase classname="api.tests.test_weekly_report_command.WeeklyReportEmailTest" name="test_weekly_report_emails_command_with_rbac" time="0.428" timestamp="2025-06-30T05:40:54" file="advisor/api/tests/test_weekly_report_command.py" line="321"/>
	<testcase classname="api.tests.test_weekly_report_command.WeeklyReportEmailTest" name="test_weekly_report_emails_command_with_rbac_delete_expired" time="0.193" timestamp="2025-06-30T05:40:54" file="advisor/api/tests/test_weekly_report_command.py" line="383"/>
	<testcase classname="api.tests.test_weekly_report_command.WeeklyReportEmailTest" name="test_weekly_report_emails_command_with_rbac_no_weekly_report" time="0.006" timestamp="2025-06-30T05:40:54" file="advisor/api/tests/test_weekly_report_command.py" line="425"/>
	<testcase classname="api.tests.test_weekly_report_command.WeeklyReportEmailTest" name="test_weekly_report_emails_command_with_rbac_unknown_user" time="0.006" timestamp="2025-06-30T05:40:54" file="advisor/api/tests/test_weekly_report_command.py" line="405"/>
</testsuite>
