<?xml version="1.0" encoding="UTF-8"?>
<testsuite name="api.tests.test_pathway_views.PathwayViewTestCase-20250630235212" tests="9" file="api/tests/test_pathway_views.py" time="3.284" timestamp="2025-06-30T23:53:56" failures="0" errors="0" skipped="0">
	<testcase classname="api.tests.test_pathway_views.PathwayViewTestCase" name="test_pathway_filters" time="1.856" timestamp="2025-06-30T23:53:55" file="advisor/api/tests/test_pathway_views.py" line="166"/>
	<testcase classname="api.tests.test_pathway_views.PathwayViewTestCase" name="test_pathway_list" time="0.180" timestamp="2025-06-30T23:53:55" file="advisor/api/tests/test_pathway_views.py" line="48"/>
	<testcase classname="api.tests.test_pathway_views.PathwayViewTestCase" name="test_pathway_report_filters" time="0.047" timestamp="2025-06-30T23:53:55" file="advisor/api/tests/test_pathway_views.py" line="649"/>
	<testcase classname="api.tests.test_pathway_views.PathwayViewTestCase" name="test_pathway_retrieve" time="0.059" timestamp="2025-06-30T23:53:55" file="advisor/api/tests/test_pathway_views.py" line="35"/>
	<testcase classname="api.tests.test_pathway_views.PathwayViewTestCase" name="test_pathway_rule_category" time="0.121" timestamp="2025-06-30T23:53:55" file="advisor/api/tests/test_pathway_views.py" line="555"/>
	<testcase classname="api.tests.test_pathway_views.PathwayViewTestCase" name="test_pathway_rule_systems" time="0.027" timestamp="2025-06-30T23:53:55" file="advisor/api/tests/test_pathway_views.py" line="605"/>
	<testcase classname="api.tests.test_pathway_views.PathwayViewTestCase" name="test_pathway_rules" time="0.077" timestamp="2025-06-30T23:53:55" file="advisor/api/tests/test_pathway_views.py" line="515"/>
	<testcase classname="api.tests.test_pathway_views.PathwayViewTestCase" name="test_pathway_sorting" time="0.682" timestamp="2025-06-30T23:53:56" file="advisor/api/tests/test_pathway_views.py" line="90"/>
	<testcase classname="api.tests.test_pathway_views.PathwayViewTestCase" name="test_pathway_systems" time="0.237" timestamp="2025-06-30T23:53:56" file="advisor/api/tests/test_pathway_views.py" line="466"/>
</testsuite>
