<?xml version="1.0" encoding="UTF-8"?>
<testsuite name="sat_compat.tests.test_rules_views.RuleTestCase-20250630235212" tests="14" file="sat_compat/tests/test_rules_views.py" time="1.699" timestamp="2025-06-30T23:54:23" failures="0" errors="0" skipped="0">
	<testcase classname="sat_compat.tests.test_rules_views.RuleTestCase" name="test_rule_ansible_resolutions" time="0.141" timestamp="2025-06-30T23:54:21" file="advisor/sat_compat/tests/test_rules_views.py" line="397"/>
	<testcase classname="sat_compat.tests.test_rules_views.RuleTestCase" name="test_rule_detail" time="0.080" timestamp="2025-06-30T23:54:21" file="advisor/sat_compat/tests/test_rules_views.py" line="372"/>
	<testcase classname="sat_compat.tests.test_rules_views.RuleTestCase" name="test_rule_list" time="0.144" timestamp="2025-06-30T23:54:22" file="advisor/sat_compat/tests/test_rules_views.py" line="69"/>
	<testcase classname="sat_compat.tests.test_rules_views.RuleTestCase" name="test_rule_list_ansible_search" time="0.035" timestamp="2025-06-30T23:54:22" file="advisor/sat_compat/tests/test_rules_views.py" line="234"/>
	<testcase classname="sat_compat.tests.test_rules_views.RuleTestCase" name="test_rule_list_category_search" time="0.037" timestamp="2025-06-30T23:54:22" file="advisor/sat_compat/tests/test_rules_views.py" line="243"/>
	<testcase classname="sat_compat.tests.test_rules_views.RuleTestCase" name="test_rule_list_cert_auth" time="0.224" timestamp="2025-06-30T23:54:22" file="advisor/sat_compat/tests/test_rules_views.py" line="144"/>
	<testcase classname="sat_compat.tests.test_rules_views.RuleTestCase" name="test_rule_list_ignored_rules_search" time="0.082" timestamp="2025-06-30T23:54:22" file="advisor/sat_compat/tests/test_rules_views.py" line="262"/>
	<testcase classname="sat_compat.tests.test_rules_views.RuleTestCase" name="test_rule_list_incident_search" time="0.031" timestamp="2025-06-30T23:54:22" file="advisor/sat_compat/tests/test_rules_views.py" line="253"/>
	<testcase classname="sat_compat.tests.test_rules_views.RuleTestCase" name="test_rule_list_rec_impact_search" time="0.041" timestamp="2025-06-30T23:54:22" file="advisor/sat_compat/tests/test_rules_views.py" line="285"/>
	<testcase classname="sat_compat.tests.test_rules_views.RuleTestCase" name="test_rule_list_rec_likelihood_search" time="0.044" timestamp="2025-06-30T23:54:22" file="advisor/sat_compat/tests/test_rules_views.py" line="297"/>
	<testcase classname="sat_compat.tests.test_rules_views.RuleTestCase" name="test_rule_list_report_count" time="0.081" timestamp="2025-06-30T23:54:22" file="advisor/sat_compat/tests/test_rules_views.py" line="330"/>
	<testcase classname="sat_compat.tests.test_rules_views.RuleTestCase" name="test_rule_list_severity_search" time="0.041" timestamp="2025-06-30T23:54:22" file="advisor/sat_compat/tests/test_rules_views.py" line="309"/>
	<testcase classname="sat_compat.tests.test_rules_views.RuleTestCase" name="test_rule_list_sort_options" time="0.678" timestamp="2025-06-30T23:54:23" file="advisor/sat_compat/tests/test_rules_views.py" line="222"/>
	<testcase classname="sat_compat.tests.test_rules_views.RuleTestCase" name="test_rule_list_text_search" time="0.038" timestamp="2025-06-30T23:54:23" file="advisor/sat_compat/tests/test_rules_views.py" line="320"/>
</testsuite>
