<?xml version="1.0" encoding="UTF-8"?>
<testsuite name="api.tests.test_import_content.ImportContentNotifAction-20250630235212" tests="4" file="api/tests/test_import_content.py" time="1.916" timestamp="2025-06-30T23:52:22" failures="0" errors="0" skipped="0">
	<testcase classname="api.tests.test_import_content.ImportContentNotifAction" name="test_disabled_rule_notifications" time="0.129" timestamp="2025-06-30T23:52:21" file="advisor/api/tests/test_import_content.py" line="1871"/>
	<testcase classname="api.tests.test_import_content.ImportContentNotifAction" name="test_notif_action_speling" time="0.225" timestamp="2025-06-30T23:52:21" file="advisor/api/tests/test_import_content.py" line="1841"/>
	<testcase classname="api.tests.test_import_content.ImportContentNotifAction" name="test_publish_date_change" time="1.389" timestamp="2025-06-30T23:52:22" file="advisor/api/tests/test_import_content.py" line="1780"/>
	<testcase classname="api.tests.test_import_content.ImportContentNotifAction" name="test_publish_date_no_change" time="0.173" timestamp="2025-06-30T23:52:22" file="advisor/api/tests/test_import_content.py" line="1746"/>
</testsuite>
