<?xml version="1.0" encoding="UTF-8"?>
<testsuite name="api.tests.test_import_content.ImportContentAutoAckTestCase-20250630235212" tests="1" file="api/tests/test_import_content.py" time="0.374" timestamp="2025-06-30T23:52:20" failures="0" errors="0" skipped="0">
	<testcase classname="api.tests.test_import_content.ImportContentAutoAckTestCase" name="test_autoack_import" time="0.374" timestamp="2025-06-30T23:52:20" file="advisor/api/tests/test_import_content.py" line="1561"/>
</testsuite>
