<?xml version="1.0" encoding="UTF-8"?>
<testsuite name="sat_compat.tests.test_reports_views.ReportsViewTestCase-20250630054001" tests="2" file="sat_compat/tests/test_reports_views.py" time="0.097" timestamp="2025-06-30T05:40:58" failures="0" errors="0" skipped="0">
	<testcase classname="sat_compat.tests.test_reports_views.ReportsViewTestCase" name="test_list_reports" time="0.060" timestamp="2025-06-30T05:40:58" file="advisor/sat_compat/tests/test_reports_views.py" line="45"/>
	<testcase classname="sat_compat.tests.test_reports_views.ReportsViewTestCase" name="test_list_reports_cert_auth" time="0.037" timestamp="2025-06-30T05:40:58" file="advisor/sat_compat/tests/test_reports_views.py" line="99"/>
</testsuite>
