<?xml version="1.0" encoding="UTF-8"?>
<testsuite name="sat_compat.tests.test_api_docs.SatCompatAPIDocsTestCase-20250630235212" tests="9" file="sat_compat/tests/test_api_docs.py" time="0.006" timestamp="2025-06-30T23:54:18" failures="0" errors="0" skipped="0">
	<testcase classname="sat_compat.tests.test_api_docs.SatCompatAPIDocsTestCase" name="test_all_methods_have_description" time="0.001" timestamp="2025-06-30T23:54:18" file="advisor/sat_compat/tests/test_api_docs.py" line="106"/>
	<testcase classname="sat_compat.tests.test_api_docs.SatCompatAPIDocsTestCase" name="test_parameter_default_types" time="0.002" timestamp="2025-06-30T23:54:18" file="advisor/sat_compat/tests/test_api_docs.py" line="174"/>
	<testcase classname="sat_compat.tests.test_api_docs.SatCompatAPIDocsTestCase" name="test_regex_parameters_have_pattern" time="0.001" timestamp="2025-06-30T23:54:18" file="advisor/sat_compat/tests/test_api_docs.py" line="243"/>
	<testcase classname="sat_compat.tests.test_api_docs.SatCompatAPIDocsTestCase" name="test_schema_has_docs" time="0.001" timestamp="2025-06-30T23:54:18" file="advisor/sat_compat/tests/test_api_docs.py" line="97"/>
	<testcase classname="sat_compat.tests.test_api_docs.SatCompatAPIDocsTestCase" name="test_schema_has_docs_with_rbac" time="0.000" timestamp="2025-06-30T23:54:18" file="advisor/sat_compat/tests/test_api_docs.py" line="23"/>
	<testcase classname="sat_compat.tests.test_api_docs.SatCompatAPIDocsTestCase" name="test_schema_has_is_internal_views" time="0.000" timestamp="2025-06-30T23:54:18" file="advisor/sat_compat/tests/test_api_docs.py" line="28"/>
	<testcase classname="sat_compat.tests.test_api_docs.SatCompatAPIDocsTestCase" name="test_stats_views_take_parameters" time="0.000" timestamp="2025-06-30T23:54:18" file="advisor/sat_compat/tests/test_api_docs.py" line="33"/>
	<testcase classname="sat_compat.tests.test_api_docs.SatCompatAPIDocsTestCase" name="test_system_detail_reports_lists_unpaginated" time="0.001" timestamp="2025-06-30T23:54:18" file="advisor/sat_compat/tests/test_api_docs.py" line="275"/>
	<testcase classname="sat_compat.tests.test_api_docs.SatCompatAPIDocsTestCase" name="test_unique_operation_ids" time="0.001" timestamp="2025-06-30T23:54:18" file="advisor/sat_compat/tests/test_api_docs.py" line="257"/>
</testsuite>
