<?xml version="1.0" encoding="UTF-8"?>
<testsuite name="sat_compat.tests.test_systems_views.SystemViewTestCase-20250630054001" tests="20" file="sat_compat/tests/test_systems_views.py" time="1.424" timestamp="2025-06-30T05:41:03" failures="0" errors="0" skipped="0">
	<testcase classname="sat_compat.tests.test_systems_views.SystemViewTestCase" name="test_bad_labelserializer" time="0.002" timestamp="2025-06-30T05:41:02" file="advisor/sat_compat/tests/test_systems_views.py" line="742">
		<!--
        Tests for completeness of the LabelSerializer class, including how
        it handles null values.
        -->
	</testcase>
	<testcase classname="sat_compat.tests.test_systems_views.SystemViewTestCase" name="test_list_bad_branch_id" time="0.003" timestamp="2025-06-30T05:41:02" file="advisor/sat_compat/tests/test_systems_views.py" line="243"/>
	<testcase classname="sat_compat.tests.test_systems_views.SystemViewTestCase" name="test_list_systems" time="0.149" timestamp="2025-06-30T05:41:02" file="advisor/sat_compat/tests/test_systems_views.py" line="168"/>
	<testcase classname="sat_compat.tests.test_systems_views.SystemViewTestCase" name="test_list_systems_cert_auth" time="0.021" timestamp="2025-06-30T05:41:02" file="advisor/sat_compat/tests/test_systems_views.py" line="376"/>
	<testcase classname="sat_compat.tests.test_systems_views.SystemViewTestCase" name="test_list_systems_for_rule" time="0.080" timestamp="2025-06-30T05:41:02" file="advisor/sat_compat/tests/test_systems_views.py" line="386"/>
	<testcase classname="sat_compat.tests.test_systems_views.SystemViewTestCase" name="test_list_systems_name_filter" time="0.050" timestamp="2025-06-30T05:41:02" file="advisor/sat_compat/tests/test_systems_views.py" line="356"/>
	<testcase classname="sat_compat.tests.test_systems_views.SystemViewTestCase" name="test_list_systems_offline_filter" time="0.049" timestamp="2025-06-30T05:41:02" file="advisor/sat_compat/tests/test_systems_views.py" line="265"/>
	<testcase classname="sat_compat.tests.test_systems_views.SystemViewTestCase" name="test_list_systems_report_count_filter" time="0.057" timestamp="2025-06-30T05:41:02" file="advisor/sat_compat/tests/test_systems_views.py" line="333"/>
	<testcase classname="sat_compat.tests.test_systems_views.SystemViewTestCase" name="test_list_systems_sort_options" time="0.466" timestamp="2025-06-30T05:41:03" file="advisor/sat_compat/tests/test_systems_views.py" line="252"/>
	<testcase classname="sat_compat.tests.test_systems_views.SystemViewTestCase" name="test_list_systems_unregistered_at" time="0.021" timestamp="2025-06-30T05:41:03" file="advisor/sat_compat/tests/test_systems_views.py" line="302"/>
	<testcase classname="sat_compat.tests.test_systems_views.SystemViewTestCase" name="test_systems_delete" time="0.010" timestamp="2025-06-30T05:41:03" file="advisor/sat_compat/tests/test_systems_views.py" line="938"/>
	<testcase classname="sat_compat.tests.test_systems_views.SystemViewTestCase" name="test_systems_detail" time="0.055" timestamp="2025-06-30T05:41:03" file="advisor/sat_compat/tests/test_systems_views.py" line="418"/>
	<testcase classname="sat_compat.tests.test_systems_views.SystemViewTestCase" name="test_systems_groups" time="0.055" timestamp="2025-06-30T05:41:03" file="advisor/sat_compat/tests/test_systems_views.py" line="484"/>
	<testcase classname="sat_compat.tests.test_systems_views.SystemViewTestCase" name="test_systems_links" time="0.060" timestamp="2025-06-30T05:41:03" file="advisor/sat_compat/tests/test_systems_views.py" line="783"/>
	<testcase classname="sat_compat.tests.test_systems_views.SystemViewTestCase" name="test_systems_metadata" time="0.060" timestamp="2025-06-30T05:41:03" file="advisor/sat_compat/tests/test_systems_views.py" line="690"/>
	<testcase classname="sat_compat.tests.test_systems_views.SystemViewTestCase" name="test_systems_register" time="0.040" timestamp="2025-06-30T05:41:03" file="advisor/sat_compat/tests/test_systems_views.py" line="815"/>
	<testcase classname="sat_compat.tests.test_systems_views.SystemViewTestCase" name="test_systems_rename" time="0.032" timestamp="2025-06-30T05:41:03" file="advisor/sat_compat/tests/test_systems_views.py" line="956"/>
	<testcase classname="sat_compat.tests.test_systems_views.SystemViewTestCase" name="test_systems_rename_no_inventory_server" time="0.010" timestamp="2025-06-30T05:41:03" file="advisor/sat_compat/tests/test_systems_views.py" line="1015"/>
	<testcase classname="sat_compat.tests.test_systems_views.SystemViewTestCase" name="test_systems_reports" time="0.145" timestamp="2025-06-30T05:41:03" file="advisor/sat_compat/tests/test_systems_views.py" line="520"/>
	<testcase classname="sat_compat.tests.test_systems_views.SystemViewTestCase" name="test_systems_unregister" time="0.059" timestamp="2025-06-30T05:41:03" file="advisor/sat_compat/tests/test_systems_views.py" line="909"/>
</testsuite>
