<?xml version="1.0" encoding="UTF-8"?>
<testsuite name="tasks.tests.test_executed_task_views.ExecutedTaskViewTestCase-20250630235212" tests="28" file="tasks/tests/test_executed_task_views.py" time="1.396" timestamp="2025-06-30T23:54:28" failures="0" errors="0" skipped="0">
	<testcase classname="tasks.tests.test_executed_task_views.ExecutedTaskViewTestCase" name="test_executed_task_cancel" time="0.040" timestamp="2025-06-30T23:54:27" file="advisor/tasks/tests/test_executed_task_views.py" line="212"/>
	<testcase classname="tasks.tests.test_executed_task_views.ExecutedTaskViewTestCase" name="test_executed_task_create" time="0.083" timestamp="2025-06-30T23:54:27" file="advisor/tasks/tests/test_executed_task_views.py" line="321"/>
	<testcase classname="tasks.tests.test_executed_task_views.ExecutedTaskViewTestCase" name="test_executed_task_create_all_disconnected" time="0.038" timestamp="2025-06-30T23:54:27" file="advisor/tasks/tests/test_executed_task_views.py" line="1127"/>
	<testcase classname="tasks.tests.test_executed_task_views.ExecutedTaskViewTestCase" name="test_executed_task_create_bash" time="0.043" timestamp="2025-06-30T23:54:27" file="advisor/tasks/tests/test_executed_task_views.py" line="518"/>
	<testcase classname="tasks.tests.test_executed_task_views.ExecutedTaskViewTestCase" name="test_executed_task_create_bash_http_error" time="0.048" timestamp="2025-06-30T23:54:27" file="advisor/tasks/tests/test_executed_task_views.py" line="1064"/>
	<testcase classname="tasks.tests.test_executed_task_views.ExecutedTaskViewTestCase" name="test_executed_task_create_disconnected_system" time="0.038" timestamp="2025-06-30T23:54:27" file="advisor/tasks/tests/test_executed_task_views.py" line="1095"/>
	<testcase classname="tasks.tests.test_executed_task_views.ExecutedTaskViewTestCase" name="test_executed_task_create_error" time="0.022" timestamp="2025-06-30T23:54:27" file="advisor/tasks/tests/test_executed_task_views.py" line="504"/>
	<testcase classname="tasks.tests.test_executed_task_views.ExecutedTaskViewTestCase" name="test_executed_task_create_fifty_systems" time="0.238" timestamp="2025-06-30T23:54:28" file="advisor/tasks/tests/test_executed_task_views.py" line="1029"/>
	<testcase classname="tasks.tests.test_executed_task_views.ExecutedTaskViewTestCase" name="test_executed_task_create_logs_to_splunk" time="0.033" timestamp="2025-06-30T23:54:28" file="advisor/tasks/tests/test_executed_task_views.py" line="475"/>
	<testcase classname="tasks.tests.test_executed_task_views.ExecutedTaskViewTestCase" name="test_executed_task_create_with_blank_parameter" time="0.056" timestamp="2025-06-30T23:54:28" file="advisor/tasks/tests/test_executed_task_views.py" line="908"/>
	<testcase classname="tasks.tests.test_executed_task_views.ExecutedTaskViewTestCase" name="test_executed_task_create_with_multiple_parameters" time="0.065" timestamp="2025-06-30T23:54:28" file="advisor/tasks/tests/test_executed_task_views.py" line="962"/>
	<testcase classname="tasks.tests.test_executed_task_views.ExecutedTaskViewTestCase" name="test_executed_task_create_with_parameters" time="0.152" timestamp="2025-06-30T23:54:28" file="advisor/tasks/tests/test_executed_task_views.py" line="566"/>
	<testcase classname="tasks.tests.test_executed_task_views.ExecutedTaskViewTestCase" name="test_executed_task_create_with_parameters_required_default_none_supplied" time="0.073" timestamp="2025-06-30T23:54:28" file="advisor/tasks/tests/test_executed_task_views.py" line="856"/>
	<testcase classname="tasks.tests.test_executed_task_views.ExecutedTaskViewTestCase" name="test_executed_task_destroy" time="0.025" timestamp="2025-06-30T23:54:28" file="advisor/tasks/tests/test_executed_task_views.py" line="1183"/>
	<testcase classname="tasks.tests.test_executed_task_views.ExecutedTaskViewTestCase" name="test_executed_task_destroy_bad_playbook_dispatcher" time="0.009" timestamp="2025-06-30T23:54:28" file="advisor/tasks/tests/test_executed_task_views.py" line="1225"/>
	<testcase classname="tasks.tests.test_executed_task_views.ExecutedTaskViewTestCase" name="test_executed_task_destroy_completed_task" time="0.021" timestamp="2025-06-30T23:54:28" file="advisor/tasks/tests/test_executed_task_views.py" line="1163"/>
	<testcase classname="tasks.tests.test_executed_task_views.ExecutedTaskViewTestCase" name="test_executed_task_destroy_missing_systems" time="0.026" timestamp="2025-06-30T23:54:28" file="advisor/tasks/tests/test_executed_task_views.py" line="1241"/>
	<testcase classname="tasks.tests.test_executed_task_views.ExecutedTaskViewTestCase" name="test_executed_task_detail" time="0.037" timestamp="2025-06-30T23:54:28" file="advisor/tasks/tests/test_executed_task_views.py" line="248"/>
	<testcase classname="tasks.tests.test_executed_task_views.ExecutedTaskViewTestCase" name="test_executed_task_detail_parameters_ordered_by_index" time="0.016" timestamp="2025-06-30T23:54:28" file="advisor/tasks/tests/test_executed_task_views.py" line="116"/>
	<testcase classname="tasks.tests.test_executed_task_views.ExecutedTaskViewTestCase" name="test_executed_task_job_log" time="0.018" timestamp="2025-06-30T23:54:28" file="advisor/tasks/tests/test_executed_task_views.py" line="1434"/>
	<testcase classname="tasks.tests.test_executed_task_views.ExecutedTaskViewTestCase" name="test_executed_task_job_log_deleted_host" time="0.012" timestamp="2025-06-30T23:54:28" file="advisor/tasks/tests/test_executed_task_views.py" line="1468"/>
	<testcase classname="tasks.tests.test_executed_task_views.ExecutedTaskViewTestCase" name="test_executed_task_jobs" time="0.024" timestamp="2025-06-30T23:54:28" file="advisor/tasks/tests/test_executed_task_views.py" line="1283"/>
	<testcase classname="tasks.tests.test_executed_task_views.ExecutedTaskViewTestCase" name="test_executed_task_jobs_filter" time="0.039" timestamp="2025-06-30T23:54:28" file="advisor/tasks/tests/test_executed_task_views.py" line="1362"/>
	<testcase classname="tasks.tests.test_executed_task_views.ExecutedTaskViewTestCase" name="test_executed_task_jobs_sort" time="0.038" timestamp="2025-06-30T23:54:28" file="advisor/tasks/tests/test_executed_task_views.py" line="1323"/>
	<testcase classname="tasks.tests.test_executed_task_views.ExecutedTaskViewTestCase" name="test_executed_task_jobs_with_deleted_host" time="0.019" timestamp="2025-06-30T23:54:28" file="advisor/tasks/tests/test_executed_task_views.py" line="1406"/>
	<testcase classname="tasks.tests.test_executed_task_views.ExecutedTaskViewTestCase" name="test_executed_task_list" time="0.015" timestamp="2025-06-30T23:54:28" file="advisor/tasks/tests/test_executed_task_views.py" line="49"/>
	<testcase classname="tasks.tests.test_executed_task_views.ExecutedTaskViewTestCase" name="test_executed_task_list_filter" time="0.031" timestamp="2025-06-30T23:54:28" file="advisor/tasks/tests/test_executed_task_views.py" line="126"/>
	<testcase classname="tasks.tests.test_executed_task_views.ExecutedTaskViewTestCase" name="test_executed_task_list_sort" time="0.139" timestamp="2025-06-30T23:54:28" file="advisor/tasks/tests/test_executed_task_views.py" line="166"/>
</testsuite>
