<?xml version="1.0" encoding="UTF-8"?>
<testsuite name="api.tests.test_ack_views.AckCountViewTestCase-20250630054001" tests="5" file="api/tests/test_ack_views.py" time="0.326" timestamp="2025-06-30T05:40:02" failures="0" errors="0" skipped="0">
	<testcase classname="api.tests.test_ack_views.AckCountViewTestCase" name="test_ackcount_detail" time="0.282" timestamp="2025-06-30T05:40:02" file="advisor/api/tests/test_ack_views.py" line="415"/>
	<testcase classname="api.tests.test_ack_views.AckCountViewTestCase" name="test_ackcount_detail_invalid_rule_id" time="0.006" timestamp="2025-06-30T05:40:02" file="advisor/api/tests/test_ack_views.py" line="452"/>
	<testcase classname="api.tests.test_ack_views.AckCountViewTestCase" name="test_ackcount_endpoint_access_fails_for_non_internal_user" time="0.006" timestamp="2025-06-30T05:40:02" file="advisor/api/tests/test_ack_views.py" line="469"/>
	<testcase classname="api.tests.test_ack_views.AckCountViewTestCase" name="test_ackcount_list" time="0.004" timestamp="2025-06-30T05:40:02" file="advisor/api/tests/test_ack_views.py" line="400"/>
	<testcase classname="api.tests.test_ack_views.AckCountViewTestCase" name="test_add_deleting_acks_to_modify_ack_counts" time="0.029" timestamp="2025-06-30T05:40:02" file="advisor/api/tests/test_ack_views.py" line="426"/>
</testsuite>
