<?xml version="1.0" encoding="UTF-8"?>
<testsuite name="api.tests.test_api_docs.APIDocsTestCase-20250630054001" tests="9" file="api/tests/test_api_docs.py" time="0.534" timestamp="2025-06-30T05:40:03" failures="0" errors="0" skipped="0">
	<testcase classname="api.tests.test_api_docs.APIDocsTestCase" name="test_all_methods_have_description" time="0.002" timestamp="2025-06-30T05:40:03" file="advisor/api/tests/test_api_docs.py" line="106"/>
	<testcase classname="api.tests.test_api_docs.APIDocsTestCase" name="test_parameter_default_types" time="0.002" timestamp="2025-06-30T05:40:03" file="advisor/api/tests/test_api_docs.py" line="174"/>
	<testcase classname="api.tests.test_api_docs.APIDocsTestCase" name="test_regex_parameters_have_pattern" time="0.001" timestamp="2025-06-30T05:40:03" file="advisor/api/tests/test_api_docs.py" line="243"/>
	<testcase classname="api.tests.test_api_docs.APIDocsTestCase" name="test_schema_has_docs" time="0.000" timestamp="2025-06-30T05:40:03" file="advisor/api/tests/test_api_docs.py" line="97"/>
	<testcase classname="api.tests.test_api_docs.APIDocsTestCase" name="test_schema_has_docs_with_rbac" time="0.268" timestamp="2025-06-30T05:40:03" file="advisor/api/tests/test_api_docs.py" line="300"/>
	<testcase classname="api.tests.test_api_docs.APIDocsTestCase" name="test_schema_has_is_internal_views" time="0.260" timestamp="2025-06-30T05:40:03" file="advisor/api/tests/test_api_docs.py" line="340"/>
	<testcase classname="api.tests.test_api_docs.APIDocsTestCase" name="test_stats_views_take_parameters" time="0.000" timestamp="2025-06-30T05:40:03" file="advisor/api/tests/test_api_docs.py" line="235"/>
	<testcase classname="api.tests.test_api_docs.APIDocsTestCase" name="test_system_detail_reports_lists_unpaginated" time="0.001" timestamp="2025-06-30T05:40:03" file="advisor/api/tests/test_api_docs.py" line="275"/>
	<testcase classname="api.tests.test_api_docs.APIDocsTestCase" name="test_unique_operation_ids" time="0.001" timestamp="2025-06-30T05:40:03" file="advisor/api/tests/test_api_docs.py" line="257"/>
</testsuite>
