<?xml version="1.0" encoding="UTF-8"?>
<testsuite name="api.tests.test_autosubexclusion_views.AutosubExclusionViewTestCase-20250630054001" tests="5" file="api/tests/test_autosubexclusion_views.py" time="0.058" timestamp="2025-06-30T05:40:05" failures="0" errors="0" skipped="0">
	<testcase classname="api.tests.test_autosubexclusion_views.AutosubExclusionViewTestCase" name="test_pathway_create" time="0.011" timestamp="2025-06-30T05:40:05" file="advisor/api/tests/test_autosubexclusion_views.py" line="107"/>
	<testcase classname="api.tests.test_autosubexclusion_views.AutosubExclusionViewTestCase" name="test_pathway_destroy" time="0.023" timestamp="2025-06-30T05:40:05" file="advisor/api/tests/test_autosubexclusion_views.py" line="138"/>
	<testcase classname="api.tests.test_autosubexclusion_views.AutosubExclusionViewTestCase" name="test_pathway_list" time="0.005" timestamp="2025-06-30T05:40:05" file="advisor/api/tests/test_autosubexclusion_views.py" line="44"/>
	<testcase classname="api.tests.test_autosubexclusion_views.AutosubExclusionViewTestCase" name="test_pathway_retrieve" time="0.006" timestamp="2025-06-30T05:40:05" file="advisor/api/tests/test_autosubexclusion_views.py" line="34"/>
	<testcase classname="api.tests.test_autosubexclusion_views.AutosubExclusionViewTestCase" name="test_pathway_sorting" time="0.014" timestamp="2025-06-30T05:40:05" file="advisor/api/tests/test_autosubexclusion_views.py" line="66"/>
</testsuite>
