<?xml version="1.0" encoding="UTF-8"?>
<testsuite name="tasks.tests.test_task_views.TaskInternalViewTestCase-20250630054001" tests="4" file="tasks/tests/test_task_views.py" time="0.220" timestamp="2025-06-30T05:41:09" failures="0" errors="0" skipped="0">
	<testcase classname="tasks.tests.test_task_views.TaskInternalViewTestCase" name="test_task_create_update_delete" time="0.121" timestamp="2025-06-30T05:41:09" file="advisor/tasks/tests/test_task_views.py" line="810"/>
	<testcase classname="tasks.tests.test_task_views.TaskInternalViewTestCase" name="test_task_create_update_param_index_uniqueness" time="0.054" timestamp="2025-06-30T05:41:09" file="advisor/tasks/tests/test_task_views.py" line="1005">
		<!--
        Test that task creation and update is allowed only when parameters have unique indexes.
        -->
	</testcase>
	<testcase classname="tasks.tests.test_task_views.TaskInternalViewTestCase" name="test_task_edit_filters" time="0.032" timestamp="2025-06-30T05:41:09" file="advisor/tasks/tests/test_task_views.py" line="1073"/>
	<testcase classname="tasks.tests.test_task_views.TaskInternalViewTestCase" name="test_task_list" time="0.013" timestamp="2025-06-30T05:41:09" file="advisor/tasks/tests/test_task_views.py" line="775"/>
</testsuite>
