<?xml version="1.0" encoding="UTF-8"?>
<testsuite name="api.tests.test_rule_views.RuleTestCase-20250630054001" tests="57" file="api/tests/test_rule_views.py" time="7.117" timestamp="2025-06-30T05:40:46" failures="0" errors="0" skipped="0">
	<testcase classname="api.tests.test_rule_views.RuleTestCase" name="test_no_systems_detail_for_acked_rules" time="0.112" timestamp="2025-06-30T05:40:38" file="advisor/api/tests/test_rule_views.py" line="1382"/>
	<testcase classname="api.tests.test_rule_views.RuleTestCase" name="test_no_systems_detail_for_hostacked_rules" time="0.085" timestamp="2025-06-30T05:40:39" file="advisor/api/tests/test_rule_views.py" line="1405"/>
	<testcase classname="api.tests.test_rule_views.RuleTestCase" name="test_rule_add_del_many_host_acks" time="0.413" timestamp="2025-06-30T05:40:39" file="advisor/api/tests/test_rule_views.py" line="1519"/>
	<testcase classname="api.tests.test_rule_views.RuleTestCase" name="test_rule_component_pathway_counts" time="0.070" timestamp="2025-06-30T05:40:39" file="advisor/api/tests/test_rule_views.py" line="1727"/>
	<testcase classname="api.tests.test_rule_views.RuleTestCase" name="test_rule_detail" time="0.048" timestamp="2025-06-30T05:40:39" file="advisor/api/tests/test_rule_views.py" line="1016"/>
	<testcase classname="api.tests.test_rule_views.RuleTestCase" name="test_rule_detail_acked" time="0.039" timestamp="2025-06-30T05:40:39" file="advisor/api/tests/test_rule_views.py" line="1078"/>
	<testcase classname="api.tests.test_rule_views.RuleTestCase" name="test_rule_list" time="0.058" timestamp="2025-06-30T05:40:39" file="advisor/api/tests/test_rule_views.py" line="121"/>
	<testcase classname="api.tests.test_rule_views.RuleTestCase" name="test_rule_list_filter_category" time="0.045" timestamp="2025-06-30T05:40:39" file="advisor/api/tests/test_rule_views.py" line="212"/>
	<testcase classname="api.tests.test_rule_views.RuleTestCase" name="test_rule_list_filter_has_no_matching_tags" time="0.022" timestamp="2025-06-30T05:40:39" file="advisor/api/tests/test_rule_views.py" line="409"/>
	<testcase classname="api.tests.test_rule_views.RuleTestCase" name="test_rule_list_filter_has_no_playbook" time="0.051" timestamp="2025-06-30T05:40:39" file="advisor/api/tests/test_rule_views.py" line="508"/>
	<testcase classname="api.tests.test_rule_views.RuleTestCase" name="test_rule_list_filter_has_playbook" time="0.048" timestamp="2025-06-30T05:40:39" file="advisor/api/tests/test_rule_views.py" line="487"/>
	<testcase classname="api.tests.test_rule_views.RuleTestCase" name="test_rule_list_filter_has_tag" time="0.165" timestamp="2025-06-30T05:40:40" file="advisor/api/tests/test_rule_views.py" line="363"/>
	<testcase classname="api.tests.test_rule_views.RuleTestCase" name="test_rule_list_filter_has_union_of_tags" time="0.070" timestamp="2025-06-30T05:40:40" file="advisor/api/tests/test_rule_views.py" line="386"/>
	<testcase classname="api.tests.test_rule_views.RuleTestCase" name="test_rule_list_filter_impact" time="0.050" timestamp="2025-06-30T05:40:40" file="advisor/api/tests/test_rule_views.py" line="571"/>
	<testcase classname="api.tests.test_rule_views.RuleTestCase" name="test_rule_list_filter_impact_highest" time="0.043" timestamp="2025-06-30T05:40:40" file="advisor/api/tests/test_rule_views.py" line="592"/>
	<testcase classname="api.tests.test_rule_views.RuleTestCase" name="test_rule_list_filter_impact_invalid" time="0.017" timestamp="2025-06-30T05:40:40" file="advisor/api/tests/test_rule_views.py" line="613"/>
	<testcase classname="api.tests.test_rule_views.RuleTestCase" name="test_rule_list_filter_impact_no_rules" time="0.020" timestamp="2025-06-30T05:40:40" file="advisor/api/tests/test_rule_views.py" line="624"/>
	<testcase classname="api.tests.test_rule_views.RuleTestCase" name="test_rule_list_filter_impacting" time="0.096" timestamp="2025-06-30T05:40:40" file="advisor/api/tests/test_rule_views.py" line="704"/>
	<testcase classname="api.tests.test_rule_views.RuleTestCase" name="test_rule_list_filter_incident" time="0.049" timestamp="2025-06-30T05:40:40" file="advisor/api/tests/test_rule_views.py" line="418"/>
	<testcase classname="api.tests.test_rule_views.RuleTestCase" name="test_rule_list_filter_incident_and_tag" time="0.058" timestamp="2025-06-30T05:40:40" file="advisor/api/tests/test_rule_views.py" line="463"/>
	<testcase classname="api.tests.test_rule_views.RuleTestCase" name="test_rule_list_filter_invalid_category" time="0.019" timestamp="2025-06-30T05:40:40" file="advisor/api/tests/test_rule_views.py" line="267"/>
	<testcase classname="api.tests.test_rule_views.RuleTestCase" name="test_rule_list_filter_likelihood" time="0.051" timestamp="2025-06-30T05:40:40" file="advisor/api/tests/test_rule_views.py" line="529"/>
	<testcase classname="api.tests.test_rule_views.RuleTestCase" name="test_rule_list_filter_multiple_categories" time="0.047" timestamp="2025-06-30T05:40:40" file="advisor/api/tests/test_rule_views.py" line="234"/>
	<testcase classname="api.tests.test_rule_views.RuleTestCase" name="test_rule_list_filter_multiple_likelihoods" time="0.049" timestamp="2025-06-30T05:40:40" file="advisor/api/tests/test_rule_views.py" line="550"/>
	<testcase classname="api.tests.test_rule_views.RuleTestCase" name="test_rule_list_filter_multiple_res_risks" time="0.055" timestamp="2025-06-30T05:40:40" file="advisor/api/tests/test_rule_views.py" line="299"/>
	<testcase classname="api.tests.test_rule_views.RuleTestCase" name="test_rule_list_filter_multiple_total_risks" time="0.053" timestamp="2025-06-30T05:40:40" file="advisor/api/tests/test_rule_views.py" line="859"/>
	<testcase classname="api.tests.test_rule_views.RuleTestCase" name="test_rule_list_filter_no_incident" time="0.050" timestamp="2025-06-30T05:40:40" file="advisor/api/tests/test_rule_views.py" line="440"/>
	<testcase classname="api.tests.test_rule_views.RuleTestCase" name="test_rule_list_filter_nonexistent_category" time="0.004" timestamp="2025-06-30T05:40:40" file="advisor/api/tests/test_rule_views.py" line="256"/>
	<testcase classname="api.tests.test_rule_views.RuleTestCase" name="test_rule_list_filter_reboot_required" time="0.090" timestamp="2025-06-30T05:40:40" file="advisor/api/tests/test_rule_views.py" line="632"/>
	<testcase classname="api.tests.test_rule_views.RuleTestCase" name="test_rule_list_filter_reports_shown" time="0.094" timestamp="2025-06-30T05:40:40" file="advisor/api/tests/test_rule_views.py" line="668"/>
	<testcase classname="api.tests.test_rule_views.RuleTestCase" name="test_rule_list_filter_res_risk" time="0.057" timestamp="2025-06-30T05:40:41" file="advisor/api/tests/test_rule_views.py" line="277"/>
	<testcase classname="api.tests.test_rule_views.RuleTestCase" name="test_rule_list_filter_res_risk_and_category" time="0.046" timestamp="2025-06-30T05:40:41" file="advisor/api/tests/test_rule_views.py" line="341"/>
	<testcase classname="api.tests.test_rule_views.RuleTestCase" name="test_rule_list_filter_res_risk_invalid_risk" time="0.015" timestamp="2025-06-30T05:40:41" file="advisor/api/tests/test_rule_views.py" line="322"/>
	<testcase classname="api.tests.test_rule_views.RuleTestCase" name="test_rule_list_filter_res_risk_no_rules" time="0.021" timestamp="2025-06-30T05:40:41" file="advisor/api/tests/test_rule_views.py" line="333"/>
	<testcase classname="api.tests.test_rule_views.RuleTestCase" name="test_rule_list_filter_system_profile" time="0.110" timestamp="2025-06-30T05:40:41" file="advisor/api/tests/test_rule_views.py" line="882"/>
	<testcase classname="api.tests.test_rule_views.RuleTestCase" name="test_rule_list_filter_text" time="0.210" timestamp="2025-06-30T05:40:41" file="advisor/api/tests/test_rule_views.py" line="742"/>
	<testcase classname="api.tests.test_rule_views.RuleTestCase" name="test_rule_list_filter_topic" time="0.070" timestamp="2025-06-30T05:40:41" file="advisor/api/tests/test_rule_views.py" line="808"/>
	<testcase classname="api.tests.test_rule_views.RuleTestCase" name="test_rule_list_filter_topic_not_found" time="0.021" timestamp="2025-06-30T05:40:41" file="advisor/api/tests/test_rule_views.py" line="828"/>
	<testcase classname="api.tests.test_rule_views.RuleTestCase" name="test_rule_list_filter_total_risk" time="0.041" timestamp="2025-06-30T05:40:41" file="advisor/api/tests/test_rule_views.py" line="836"/>
	<testcase classname="api.tests.test_rule_views.RuleTestCase" name="test_rule_list_multi_sort_correct_ordering" time="0.055" timestamp="2025-06-30T05:40:41" file="advisor/api/tests/test_rule_views.py" line="959"/>
	<testcase classname="api.tests.test_rule_views.RuleTestCase" name="test_rule_list_offset_limit_links" time="0.046" timestamp="2025-06-30T05:40:41" file="advisor/api/tests/test_rule_views.py" line="194"/>
	<testcase classname="api.tests.test_rule_views.RuleTestCase" name="test_rule_list_other_account" time="0.050" timestamp="2025-06-30T05:40:41" file="advisor/api/tests/test_rule_views.py" line="154"/>
	<testcase classname="api.tests.test_rule_views.RuleTestCase" name="test_rule_list_page_size" time="0.050" timestamp="2025-06-30T05:40:41" file="advisor/api/tests/test_rule_views.py" line="189"/>
	<testcase classname="api.tests.test_rule_views.RuleTestCase" name="test_rule_list_sort_bad_ordering" time="0.015" timestamp="2025-06-30T05:40:41" file="advisor/api/tests/test_rule_views.py" line="1009"/>
	<testcase classname="api.tests.test_rule_views.RuleTestCase" name="test_rule_list_sort_correct_ordering" time="0.100" timestamp="2025-06-30T05:40:41" file="advisor/api/tests/test_rule_views.py" line="929"/>
	<testcase classname="api.tests.test_rule_views.RuleTestCase" name="test_rule_list_sort_impacted_systems_count_unaffected" time="1.029" timestamp="2025-06-30T05:40:42" file="advisor/api/tests/test_rule_views.py" line="988"/>
	<testcase classname="api.tests.test_rule_views.RuleTestCase" name="test_rule_list_sort_impacted_systems_ordering" time="0.069" timestamp="2025-06-30T05:40:42" file="advisor/api/tests/test_rule_views.py" line="973"/>
	<testcase classname="api.tests.test_rule_views.RuleTestCase" name="test_rule_pathway_serializer" time="0.080" timestamp="2025-06-30T05:40:43" file="advisor/api/tests/test_rule_views.py" line="1735"/>
	<testcase classname="api.tests.test_rule_views.RuleTestCase" name="test_rule_usage_justifications" time="0.022" timestamp="2025-06-30T05:40:43" file="advisor/api/tests/test_rule_views.py" line="1125"/>
	<testcase classname="api.tests.test_rule_views.RuleTestCase" name="test_rule_usage_stats" time="0.011" timestamp="2025-06-30T05:40:43" file="advisor/api/tests/test_rule_views.py" line="1099"/>
	<testcase classname="api.tests.test_rule_views.RuleTestCase" name="test_systems_detail_for_a_rule" time="2.113" timestamp="2025-06-30T05:40:45" file="advisor/api/tests/test_rule_views.py" line="1305"/>
	<testcase classname="api.tests.test_rule_views.RuleTestCase" name="test_systems_detail_for_a_rule_name_filtering" time="0.172" timestamp="2025-06-30T05:40:45" file="advisor/api/tests/test_rule_views.py" line="1420"/>
	<testcase classname="api.tests.test_rule_views.RuleTestCase" name="test_systems_detail_for_a_rule_rhel_version_filtering" time="0.272" timestamp="2025-06-30T05:40:45" file="advisor/api/tests/test_rule_views.py" line="1449"/>
	<testcase classname="api.tests.test_rule_views.RuleTestCase" name="test_systems_for_a_rule" time="0.286" timestamp="2025-06-30T05:40:45" file="advisor/api/tests/test_rule_views.py" line="1156"/>
	<testcase classname="api.tests.test_rule_views.RuleTestCase" name="test_systems_for_a_rule_acked" time="0.007" timestamp="2025-06-30T05:40:45" file="advisor/api/tests/test_rule_views.py" line="1507"/>
	<testcase classname="api.tests.test_rule_views.RuleTestCase" name="test_systems_for_a_rule_csv" time="0.034" timestamp="2025-06-30T05:40:46" file="advisor/api/tests/test_rule_views.py" line="1264"/>
	<testcase classname="api.tests.test_rule_views.RuleTestCase" name="test_systems_for_a_rule_filtering" time="0.042" timestamp="2025-06-30T05:40:46" file="advisor/api/tests/test_rule_views.py" line="1219"/>
</testsuite>
