<?xml version="1.0" encoding="UTF-8"?>
<testsuite name="api.tests.test_rule_views.InternalRuleTestCase-20250630235212" tests="2" file="api/tests/test_rule_views.py" time="0.097" timestamp="2025-06-30T23:54:02" failures="0" errors="0" skipped="0">
	<testcase classname="api.tests.test_rule_views.InternalRuleTestCase" name="test_rule_list_detail" time="0.080" timestamp="2025-06-30T23:54:02" file="advisor/api/tests/test_rule_views.py" line="1763"/>
	<testcase classname="api.tests.test_rule_views.InternalRuleTestCase" name="test_rule_reports_content_preview" time="0.017" timestamp="2025-06-30T23:54:02" file="advisor/api/tests/test_rule_views.py" line="1822"/>
</testsuite>
