<?xml version="1.0" encoding="UTF-8"?>
<testsuite name="api.tests.test_hostack_views.HostAckViewHostTagsTestCase-20250630235212" tests="1" file="api/tests/test_hostack_views.py" time="0.025" timestamp="2025-06-30T23:52:19" failures="0" errors="0" skipped="0">
	<testcase classname="api.tests.test_hostack_views.HostAckViewHostTagsTestCase" name="test_hostack_list" time="0.025" timestamp="2025-06-30T23:52:19" file="advisor/api/tests/test_hostack_views.py" line="430"/>
</testsuite>
