<?xml version="1.0" encoding="UTF-8"?>
<testsuite name="api.tests.test_rule_topic_views.RuleTopicHostTagsViewsTestCase-20250630235212" tests="2" file="api/tests/test_rule_topic_views.py" time="0.066" timestamp="2025-06-30T23:54:01" failures="0" errors="0" skipped="0">
	<testcase classname="api.tests.test_rule_topic_views.RuleTopicHostTagsViewsTestCase" name="test_topic_list" time="0.033" timestamp="2025-06-30T23:54:01" file="advisor/api/tests/test_rule_topic_views.py" line="357"/>
	<testcase classname="api.tests.test_rule_topic_views.RuleTopicHostTagsViewsTestCase" name="test_topic_systems" time="0.034" timestamp="2025-06-30T23:54:01" file="advisor/api/tests/test_rule_topic_views.py" line="389"/>
</testsuite>
