<?xml version="1.0" encoding="UTF-8"?>
<testsuite name="api.tests.test_stats_views.StatsTestCase-20250630235212" tests="5" file="api/tests/test_stats_views.py" time="0.131" timestamp="2025-06-30T23:54:11" failures="0" errors="0" skipped="0">
	<testcase classname="api.tests.test_stats_views.StatsTestCase" name="test_overview_stats" time="0.016" timestamp="2025-06-30T23:54:11" file="advisor/api/tests/test_stats_views.py" line="54"/>
	<testcase classname="api.tests.test_stats_views.StatsTestCase" name="test_reports_stats" time="0.037" timestamp="2025-06-30T23:54:11" file="advisor/api/tests/test_stats_views.py" line="102"/>
	<testcase classname="api.tests.test_stats_views.StatsTestCase" name="test_rules_stats" time="0.036" timestamp="2025-06-30T23:54:11" file="advisor/api/tests/test_stats_views.py" line="70"/>
	<testcase classname="api.tests.test_stats_views.StatsTestCase" name="test_stats_list" time="0.005" timestamp="2025-06-30T23:54:11" file="advisor/api/tests/test_stats_views.py" line="45"/>
	<testcase classname="api.tests.test_stats_views.StatsTestCase" name="test_systems_stats" time="0.037" timestamp="2025-06-30T23:54:11" file="advisor/api/tests/test_stats_views.py" line="141"/>
</testsuite>
