<?xml version="1.0" encoding="UTF-8"?>
<testsuite name="api.tests.test_report_model.ReportTestCase-20250630054001" tests="6" file="api/tests/test_report_model.py" time="0.092" timestamp="2025-06-30T05:40:33" failures="0" errors="0" skipped="0">
	<testcase classname="api.tests.test_report_model.ReportTestCase" name="test_current_reports_in_current_uploads" time="0.022" timestamp="2025-06-30T05:40:33" file="advisor/api/tests/test_report_model.py" line="135"/>
	<testcase classname="api.tests.test_report_model.ReportTestCase" name="test_current_reports_match_upload_data" time="0.025" timestamp="2025-06-30T05:40:33" file="advisor/api/tests/test_report_model.py" line="145"/>
	<testcase classname="api.tests.test_report_model.ReportTestCase" name="test_currentreport_properties" time="0.007" timestamp="2025-06-30T05:40:33" file="advisor/api/tests/test_report_model.py" line="37"/>
	<testcase classname="api.tests.test_report_model.ReportTestCase" name="test_no_duplicate_reports" time="0.005" timestamp="2025-06-30T05:40:33" file="advisor/api/tests/test_report_model.py" line="113"/>
	<testcase classname="api.tests.test_report_model.ReportTestCase" name="test_report_deletion" time="0.011" timestamp="2025-06-30T05:40:33" file="advisor/api/tests/test_report_model.py" line="79"/>
	<testcase classname="api.tests.test_report_model.ReportTestCase" name="test_report_methods" time="0.020" timestamp="2025-06-30T05:40:33" file="advisor/api/tests/test_report_model.py" line="58"/>
</testsuite>
