<?xml version="1.0" encoding="UTF-8"?>
<testsuite name="api.tests.test_parameter_parsing.MultiParamParsingTestCase-20250630054001" tests="10" file="api/tests/test_parameter_parsing.py" time="0.013" timestamp="2025-06-30T05:40:22" failures="0" errors="0" skipped="0">
	<testcase classname="api.tests.test_parameter_parsing.MultiParamParsingTestCase" name="test_basic_string_matching" time="0.001" timestamp="2025-06-30T05:40:22" file="advisor/api/tests/test_parameter_parsing.py" line="309"/>
	<testcase classname="api.tests.test_parameter_parsing.MultiParamParsingTestCase" name="test_comparator_conversion" time="0.003" timestamp="2025-06-30T05:40:22" file="advisor/api/tests/test_parameter_parsing.py" line="488"/>
	<testcase classname="api.tests.test_parameter_parsing.MultiParamParsingTestCase" name="test_comparators_as_given" time="0.001" timestamp="2025-06-30T05:40:22" file="advisor/api/tests/test_parameter_parsing.py" line="423"/>
	<testcase classname="api.tests.test_parameter_parsing.MultiParamParsingTestCase" name="test_field_prefix" time="0.001" timestamp="2025-06-30T05:40:22" file="advisor/api/tests/test_parameter_parsing.py" line="603"/>
	<testcase classname="api.tests.test_parameter_parsing.MultiParamParsingTestCase" name="test_multi_contains_operators" time="0.001" timestamp="2025-06-30T05:40:22" file="advisor/api/tests/test_parameter_parsing.py" line="446"/>
	<testcase classname="api.tests.test_parameter_parsing.MultiParamParsingTestCase" name="test_multi_in_operators" time="0.001" timestamp="2025-06-30T05:40:22" file="advisor/api/tests/test_parameter_parsing.py" line="466"/>
	<testcase classname="api.tests.test_parameter_parsing.MultiParamParsingTestCase" name="test_multiple_parameters" time="0.001" timestamp="2025-06-30T05:40:22" file="advisor/api/tests/test_parameter_parsing.py" line="632"/>
	<testcase classname="api.tests.test_parameter_parsing.MultiParamParsingTestCase" name="test_nil_not_nil" time="0.001" timestamp="2025-06-30T05:40:22" file="advisor/api/tests/test_parameter_parsing.py" line="556"/>
	<testcase classname="api.tests.test_parameter_parsing.MultiParamParsingTestCase" name="test_parameter_syntax_bad" time="0.002" timestamp="2025-06-30T05:40:22" file="advisor/api/tests/test_parameter_parsing.py" line="274"/>
	<testcase classname="api.tests.test_parameter_parsing.MultiParamParsingTestCase" name="test_value_conversion" time="0.003" timestamp="2025-06-30T05:40:22" file="advisor/api/tests/test_parameter_parsing.py" line="338"/>
</testsuite>
