<?xml version="1.0" encoding="UTF-8"?>
<testsuite name="api.tests.test_host_models.HostModelTestCase-20250630235212" tests="1" file="api/tests/test_host_models.py" time="0.003" timestamp="2025-06-30T23:52:19" failures="0" errors="0" skipped="0">
	<testcase classname="api.tests.test_host_models.HostModelTestCase" name="test_host_properties" time="0.003" timestamp="2025-06-30T23:52:19" file="advisor/api/tests/test_host_models.py" line="29"/>
</testsuite>
