<?xml version="1.0" encoding="UTF-8"?>
<testsuite name="api.tests.test_system_views.SystemHighSevViewTestCase-20250630054001" tests="1" file="api/tests/test_system_views.py" time="0.052" timestamp="2025-06-30T05:40:48" failures="0" errors="0" skipped="0">
	<testcase classname="api.tests.test_system_views.SystemHighSevViewTestCase" name="test_list_impacting_filter" time="0.052" timestamp="2025-06-30T05:40:48" file="advisor/api/tests/test_system_views.py" line="742"/>
</testsuite>
