<?xml version="1.0" encoding="UTF-8"?>
<testsuite name="api.tests.test_rule_topic_views.RuleTopicViewsTestCase-20250630235212" tests="8" file="api/tests/test_rule_topic_views.py" time="0.322" timestamp="2025-06-30T23:54:02" failures="0" errors="0" skipped="0">
	<testcase classname="api.tests.test_rule_topic_views.RuleTopicViewsTestCase" name="test_enable_disable_topic" time="0.082" timestamp="2025-06-30T23:54:01" file="advisor/api/tests/test_rule_topic_views.py" line="103"/>
	<testcase classname="api.tests.test_rule_topic_views.RuleTopicViewsTestCase" name="test_rules_with_tag" time="0.046" timestamp="2025-06-30T23:54:01" file="advisor/api/tests/test_rule_topic_views.py" line="326"/>
	<testcase classname="api.tests.test_rule_topic_views.RuleTopicViewsTestCase" name="test_topic_create_destroy" time="0.073" timestamp="2025-06-30T23:54:01" file="advisor/api/tests/test_rule_topic_views.py" line="187"/>
	<testcase classname="api.tests.test_rule_topic_views.RuleTopicViewsTestCase" name="test_topic_detail" time="0.014" timestamp="2025-06-30T23:54:01" file="advisor/api/tests/test_rule_topic_views.py" line="85"/>
	<testcase classname="api.tests.test_rule_topic_views.RuleTopicViewsTestCase" name="test_topic_list" time="0.015" timestamp="2025-06-30T23:54:01" file="advisor/api/tests/test_rule_topic_views.py" line="44"/>
	<testcase classname="api.tests.test_rule_topic_views.RuleTopicViewsTestCase" name="test_topic_list_system_profile_filter" time="0.018" timestamp="2025-06-30T23:54:01" file="advisor/api/tests/test_rule_topic_views.py" line="67"/>
	<testcase classname="api.tests.test_rule_topic_views.RuleTopicViewsTestCase" name="test_topic_systems" time="0.028" timestamp="2025-06-30T23:54:01" file="advisor/api/tests/test_rule_topic_views.py" line="149"/>
	<testcase classname="api.tests.test_rule_topic_views.RuleTopicViewsTestCase" name="test_topic_update" time="0.044" timestamp="2025-06-30T23:54:02" file="advisor/api/tests/test_rule_topic_views.py" line="281"/>
</testsuite>
