<?xml version="1.0" encoding="UTF-8"?>
<testsuite name="tasks.tests.test_test_data.TestDataTestCase-20250630235212" tests="4" file="tasks/tests/test_test_data.py" time="0.050" timestamp="2025-06-30T23:54:31" failures="0" errors="0" skipped="0">
	<testcase classname="tasks.tests.test_test_data.TestDataTestCase" name="test_executed_task_job_status_match" time="0.017" timestamp="2025-06-30T23:54:31" file="advisor/tasks/tests/test_test_data.py" line="65"/>
	<testcase classname="tasks.tests.test_test_data.TestDataTestCase" name="test_executed_tasks_must_have_jobs" time="0.003" timestamp="2025-06-30T23:54:31" file="advisor/tasks/tests/test_test_data.py" line="29"/>
	<testcase classname="tasks.tests.test_test_data.TestDataTestCase" name="test_successful_jobs_have_results" time="0.016" timestamp="2025-06-30T23:54:31" file="advisor/tasks/tests/test_test_data.py" line="41"/>
	<testcase classname="tasks.tests.test_test_data.TestDataTestCase" name="test_task_parameter_values" time="0.015" timestamp="2025-06-30T23:54:31" file="advisor/tasks/tests/test_test_data.py" line="144">
		<!--
        Test that the values given in defaults and executed task parameters
        are one of the given list of that parameter's values.
        -->
	</testcase>
</testsuite>
