<?xml version="1.0" encoding="UTF-8"?>
<testsuite name="api.tests.test_view_auth.AuthFailTestCase-20250630235212" tests="13" file="api/tests/test_view_auth.py" time="0.072" timestamp="2025-06-30T23:54:15" failures="0" errors="0" skipped="0">
	<testcase classname="api.tests.test_view_auth.AuthFailTestCase" name="test_auth_req_view_with_bad_json_in_auth" time="0.003" timestamp="2025-06-30T23:54:15" file="advisor/api/tests/test_view_auth.py" line="130">
		<!--
        A view that requires authentication should return a 403 if the
        Base64 authentication header supplied contains incomplete JSON.
        -->
	</testcase>
	<testcase classname="api.tests.test_view_auth.AuthFailTestCase" name="test_auth_req_view_with_json_identity_not_a_struct" time="0.002" timestamp="2025-06-30T23:54:15" file="advisor/api/tests/test_view_auth.py" line="166">
		<!--
        A view that requires authentication should return a 403 if the
        Base64 authentication header supplied contains no identity structure.
        -->
	</testcase>
	<testcase classname="api.tests.test_view_auth.AuthFailTestCase" name="test_auth_req_view_with_json_no_identity" time="0.002" timestamp="2025-06-30T23:54:15" file="advisor/api/tests/test_view_auth.py" line="154">
		<!--
        A view that requires authentication should return a 403 if the
        Base64 authentication header supplied contains no identity section.
        -->
	</testcase>
	<testcase classname="api.tests.test_view_auth.AuthFailTestCase" name="test_auth_req_view_with_json_not_a_struct" time="0.002" timestamp="2025-06-30T23:54:15" file="advisor/api/tests/test_view_auth.py" line="142">
		<!--
        A view that requires authentication should return a 403 if the
        Base64 authentication header supplied contains just a string.
        -->
	</testcase>
	<testcase classname="api.tests.test_view_auth.AuthFailTestCase" name="test_auth_req_view_with_json_org_id_alpha_characters" time="0.016" timestamp="2025-06-30T23:54:15" file="advisor/api/tests/test_view_auth.py" line="206">
		<!--
        A view that requires authentication should return a 200 if the
        authentication header supplied contains org_id with non number characters.
        -->
	</testcase>
	<testcase classname="api.tests.test_view_auth.AuthFailTestCase" name="test_auth_req_view_with_json_org_id_not_in_identity" time="0.002" timestamp="2025-06-30T23:54:15" file="advisor/api/tests/test_view_auth.py" line="178">
		<!--
        A view that requires authentication should return a 403 if the
        Base64 authentication header supplied contains no org_id
        in the identity section.
        -->
	</testcase>
	<testcase classname="api.tests.test_view_auth.AuthFailTestCase" name="test_auth_req_view_with_json_org_id_too_long" time="0.002" timestamp="2025-06-30T23:54:15" file="advisor/api/tests/test_view_auth.py" line="191">
		<!--
        A view that requires authentication should return a 403 if the
        authentication header supplied contains an over-long org_id.
        -->
	</testcase>
	<testcase classname="api.tests.test_view_auth.AuthFailTestCase" name="test_auth_req_view_with_no_auth" time="0.002" timestamp="2025-06-30T23:54:15" file="advisor/api/tests/test_view_auth.py" line="93">
		<!--
        A view that requires authentication should return a 403 if no
        authentication header is supplied.
        -->
	</testcase>
	<testcase classname="api.tests.test_view_auth.AuthFailTestCase" name="test_auth_req_view_with_no_base64" time="0.002" timestamp="2025-06-30T23:54:15" file="advisor/api/tests/test_view_auth.py" line="102">
		<!--
        A view that requires authentication should return a 403 if the
        authentication header supplied isn't Base64 encoded.
        -->
	</testcase>
	<testcase classname="api.tests.test_view_auth.AuthFailTestCase" name="test_auth_req_view_with_no_json_in_auth" time="0.002" timestamp="2025-06-30T23:54:15" file="advisor/api/tests/test_view_auth.py" line="118">
		<!--
        A view that requires authentication should return a 403 if the
        Base64 authentication header supplied contains no JSON.
        -->
	</testcase>
	<testcase classname="api.tests.test_view_auth.AuthFailTestCase" name="test_auth_req_view_with_org_id_as_int" time="0.028" timestamp="2025-06-30T23:54:15" file="advisor/api/tests/test_view_auth.py" line="220">
		<!--
        A view that requires authentication should gracefully handle an
        integer for the org_id.  We also need to supply at least the
        username or service account.
        -->
	</testcase>
	<testcase classname="api.tests.test_view_auth.AuthFailTestCase" name="test_non_auth_view_with_auth" time="0.005" timestamp="2025-06-30T23:54:15" file="advisor/api/tests/test_view_auth.py" line="82">
		<!--
        A view that doesn't require authentication should work even if we do
        supply valid authentication headers.
        -->
	</testcase>
	<testcase classname="api.tests.test_view_auth.AuthFailTestCase" name="test_non_auth_view_with_no_auth" time="0.003" timestamp="2025-06-30T23:54:15" file="advisor/api/tests/test_view_auth.py" line="71">
		<!--
        A view that doesn't require authentication should work without
        authentication headers.
        -->
	</testcase>
</testsuite>
