<?xml version="1.0" encoding="UTF-8"?>
<testsuite name="api.tests.test_rule_views.RuleHostTagsTestCase-20250630235212" tests="5" file="api/tests/test_rule_views.py" time="1.067" timestamp="2025-06-30T23:54:03" failures="0" errors="0" skipped="0">
	<testcase classname="api.tests.test_rule_views.RuleHostTagsTestCase" name="test_rule_list" time="0.141" timestamp="2025-06-30T23:54:02" file="advisor/api/tests/test_rule_views.py" line="2023"/>
	<testcase classname="api.tests.test_rule_views.RuleHostTagsTestCase" name="test_sorting_by_group_name" time="0.290" timestamp="2025-06-30T23:54:02" file="advisor/api/tests/test_rule_views.py" line="2281"/>
	<testcase classname="api.tests.test_rule_views.RuleHostTagsTestCase" name="test_systems_detail_has_impacted_date" time="0.076" timestamp="2025-06-30T23:54:03" file="advisor/api/tests/test_rule_views.py" line="2258"/>
	<testcase classname="api.tests.test_rule_views.RuleHostTagsTestCase" name="test_systems_details_for_a_rule" time="0.503" timestamp="2025-06-30T23:54:03" file="advisor/api/tests/test_rule_views.py" line="2160"/>
	<testcase classname="api.tests.test_rule_views.RuleHostTagsTestCase" name="test_systems_for_a_rule" time="0.058" timestamp="2025-06-30T23:54:03" file="advisor/api/tests/test_rule_views.py" line="2086"/>
</testsuite>
