<?xml version="1.0" encoding="UTF-8"?>
<testsuite name="tasks.tests.test_splunk_log.SplunkTestCase-20250630235212" tests="1" file="tasks/tests/test_splunk_log.py" time="0.003" timestamp="2025-06-30T23:54:29" failures="0" errors="0" skipped="0">
	<testcase classname="tasks.tests.test_splunk_log.SplunkTestCase" name="test_splunk_body_format" time="0.003" timestamp="2025-06-30T23:54:29" file="advisor/tasks/tests/test_splunk_log.py" line="27"/>
</testsuite>
