<?xml version="1.0" encoding="UTF-8"?>
<testsuite name="api.tests.test_weekly_report_auto_subscribe_views.WeeklyReportAutoSubscribeTestCase-20250630235212" tests="6" file="api/tests/test_weekly_report_auto_subscribe_views.py" time="0.053" timestamp="2025-06-30T23:54:16" failures="0" errors="0" skipped="0">
	<testcase classname="api.tests.test_weekly_report_auto_subscribe_views.WeeklyReportAutoSubscribeTestCase" name="test_auto_subscribe_env_var_disabled" time="0.004" timestamp="2025-06-30T23:54:16" file="advisor/api/tests/test_weekly_report_auto_subscribe_views.py" line="138"/>
	<testcase classname="api.tests.test_weekly_report_auto_subscribe_views.WeeklyReportAutoSubscribeTestCase" name="test_autosub_crud" time="0.026" timestamp="2025-06-30T23:54:16" file="advisor/api/tests/test_weekly_report_auto_subscribe_views.py" line="164"/>
	<testcase classname="api.tests.test_weekly_report_auto_subscribe_views.WeeklyReportAutoSubscribeTestCase" name="test_autosub_exclusion_account" time="0.004" timestamp="2025-06-30T23:54:16" file="advisor/api/tests/test_weekly_report_auto_subscribe_views.py" line="151"/>
	<testcase classname="api.tests.test_weekly_report_auto_subscribe_views.WeeklyReportAutoSubscribeTestCase" name="test_missing_headers" time="0.004" timestamp="2025-06-30T23:54:16" file="advisor/api/tests/test_weekly_report_auto_subscribe_views.py" line="120"/>
	<testcase classname="api.tests.test_weekly_report_auto_subscribe_views.WeeklyReportAutoSubscribeTestCase" name="test_missing_post_request_parameter" time="0.005" timestamp="2025-06-30T23:54:16" file="advisor/api/tests/test_weekly_report_auto_subscribe_views.py" line="111"/>
	<testcase classname="api.tests.test_weekly_report_auto_subscribe_views.WeeklyReportAutoSubscribeTestCase" name="test_rbac_enabled_and_user_denied" time="0.010" timestamp="2025-06-30T23:54:16" file="advisor/api/tests/test_weekly_report_auto_subscribe_views.py" line="78"/>
</testsuite>
