<?xml version="1.0" encoding="UTF-8"?>
<testsuite name="tasks.tests.test_splunk_log.SplunkTestCase-20250630054001" tests="1" file="tasks/tests/test_splunk_log.py" time="0.004" timestamp="2025-06-30T05:41:08" failures="0" errors="0" skipped="0">
	<testcase classname="tasks.tests.test_splunk_log.SplunkTestCase" name="test_splunk_body_format" time="0.004" timestamp="2025-06-30T05:41:08" file="advisor/tasks/tests/test_splunk_log.py" line="27"/>
</testsuite>
