<?xml version="1.0" encoding="UTF-8"?>
<testsuite name="sat_compat.tests.test_rules_views.RuleTestCase-20250630054001" tests="14" file="sat_compat/tests/test_rules_views.py" time="1.839" timestamp="2025-06-30T05:41:00" failures="0" errors="0" skipped="0">
	<testcase classname="sat_compat.tests.test_rules_views.RuleTestCase" name="test_rule_ansible_resolutions" time="0.137" timestamp="2025-06-30T05:40:59" file="advisor/sat_compat/tests/test_rules_views.py" line="397"/>
	<testcase classname="sat_compat.tests.test_rules_views.RuleTestCase" name="test_rule_detail" time="0.078" timestamp="2025-06-30T05:40:59" file="advisor/sat_compat/tests/test_rules_views.py" line="372"/>
	<testcase classname="sat_compat.tests.test_rules_views.RuleTestCase" name="test_rule_list" time="0.140" timestamp="2025-06-30T05:40:59" file="advisor/sat_compat/tests/test_rules_views.py" line="69"/>
	<testcase classname="sat_compat.tests.test_rules_views.RuleTestCase" name="test_rule_list_ansible_search" time="0.040" timestamp="2025-06-30T05:40:59" file="advisor/sat_compat/tests/test_rules_views.py" line="234"/>
	<testcase classname="sat_compat.tests.test_rules_views.RuleTestCase" name="test_rule_list_category_search" time="0.040" timestamp="2025-06-30T05:40:59" file="advisor/sat_compat/tests/test_rules_views.py" line="243"/>
	<testcase classname="sat_compat.tests.test_rules_views.RuleTestCase" name="test_rule_list_cert_auth" time="0.154" timestamp="2025-06-30T05:40:59" file="advisor/sat_compat/tests/test_rules_views.py" line="144"/>
	<testcase classname="sat_compat.tests.test_rules_views.RuleTestCase" name="test_rule_list_ignored_rules_search" time="0.085" timestamp="2025-06-30T05:40:59" file="advisor/sat_compat/tests/test_rules_views.py" line="262"/>
	<testcase classname="sat_compat.tests.test_rules_views.RuleTestCase" name="test_rule_list_incident_search" time="0.040" timestamp="2025-06-30T05:40:59" file="advisor/sat_compat/tests/test_rules_views.py" line="253"/>
	<testcase classname="sat_compat.tests.test_rules_views.RuleTestCase" name="test_rule_list_rec_impact_search" time="0.048" timestamp="2025-06-30T05:40:59" file="advisor/sat_compat/tests/test_rules_views.py" line="285"/>
	<testcase classname="sat_compat.tests.test_rules_views.RuleTestCase" name="test_rule_list_rec_likelihood_search" time="0.052" timestamp="2025-06-30T05:40:59" file="advisor/sat_compat/tests/test_rules_views.py" line="297"/>
	<testcase classname="sat_compat.tests.test_rules_views.RuleTestCase" name="test_rule_list_report_count" time="0.092" timestamp="2025-06-30T05:40:59" file="advisor/sat_compat/tests/test_rules_views.py" line="330"/>
	<testcase classname="sat_compat.tests.test_rules_views.RuleTestCase" name="test_rule_list_severity_search" time="0.048" timestamp="2025-06-30T05:41:00" file="advisor/sat_compat/tests/test_rules_views.py" line="309"/>
	<testcase classname="sat_compat.tests.test_rules_views.RuleTestCase" name="test_rule_list_sort_options" time="0.846" timestamp="2025-06-30T05:41:00" file="advisor/sat_compat/tests/test_rules_views.py" line="222"/>
	<testcase classname="sat_compat.tests.test_rules_views.RuleTestCase" name="test_rule_list_text_search" time="0.040" timestamp="2025-06-30T05:41:00" file="advisor/sat_compat/tests/test_rules_views.py" line="320"/>
</testsuite>
