<?xml version="1.0" encoding="UTF-8"?>
<testsuite name="api.tests.test_import_content.ImportContentAutoAckTestCase-20250630054001" tests="1" file="api/tests/test_import_content.py" time="0.463" timestamp="2025-06-30T05:40:12" failures="0" errors="0" skipped="0">
	<testcase classname="api.tests.test_import_content.ImportContentAutoAckTestCase" name="test_autoack_import" time="0.463" timestamp="2025-06-30T05:40:12" file="advisor/api/tests/test_import_content.py" line="1561"/>
</testsuite>
