<?xml version="1.0" encoding="UTF-8"?>
<testsuite name="tasks.tests.test_task_views.TaskInternalViewTestCase-20250630235212" tests="4" file="tasks/tests/test_task_views.py" time="0.189" timestamp="2025-06-30T23:54:30" failures="0" errors="0" skipped="0">
	<testcase classname="tasks.tests.test_task_views.TaskInternalViewTestCase" name="test_task_create_update_delete" time="0.106" timestamp="2025-06-30T23:54:30" file="advisor/tasks/tests/test_task_views.py" line="810"/>
	<testcase classname="tasks.tests.test_task_views.TaskInternalViewTestCase" name="test_task_create_update_param_index_uniqueness" time="0.046" timestamp="2025-06-30T23:54:30" file="advisor/tasks/tests/test_task_views.py" line="1005">
		<!--
        Test that task creation and update is allowed only when parameters have unique indexes.
        -->
	</testcase>
	<testcase classname="tasks.tests.test_task_views.TaskInternalViewTestCase" name="test_task_edit_filters" time="0.025" timestamp="2025-06-30T23:54:30" file="advisor/tasks/tests/test_task_views.py" line="1073"/>
	<testcase classname="tasks.tests.test_task_views.TaskInternalViewTestCase" name="test_task_list" time="0.011" timestamp="2025-06-30T23:54:30" file="advisor/tasks/tests/test_task_views.py" line="775"/>
</testsuite>
