<?xml version="1.0" encoding="UTF-8"?>
<testsuite name="api.tests.test_weekly_report_auto_subscribe_views.WeeklyReportAutoSubscribeTestCase-20250630054001" tests="6" file="api/tests/test_weekly_report_auto_subscribe_views.py" time="0.061" timestamp="2025-06-30T05:40:52" failures="0" errors="0" skipped="0">
	<testcase classname="api.tests.test_weekly_report_auto_subscribe_views.WeeklyReportAutoSubscribeTestCase" name="test_auto_subscribe_env_var_disabled" time="0.007" timestamp="2025-06-30T05:40:52" file="advisor/api/tests/test_weekly_report_auto_subscribe_views.py" line="138"/>
	<testcase classname="api.tests.test_weekly_report_auto_subscribe_views.WeeklyReportAutoSubscribeTestCase" name="test_autosub_crud" time="0.025" timestamp="2025-06-30T05:40:52" file="advisor/api/tests/test_weekly_report_auto_subscribe_views.py" line="164"/>
	<testcase classname="api.tests.test_weekly_report_auto_subscribe_views.WeeklyReportAutoSubscribeTestCase" name="test_autosub_exclusion_account" time="0.005" timestamp="2025-06-30T05:40:52" file="advisor/api/tests/test_weekly_report_auto_subscribe_views.py" line="151"/>
	<testcase classname="api.tests.test_weekly_report_auto_subscribe_views.WeeklyReportAutoSubscribeTestCase" name="test_missing_headers" time="0.006" timestamp="2025-06-30T05:40:52" file="advisor/api/tests/test_weekly_report_auto_subscribe_views.py" line="120"/>
	<testcase classname="api.tests.test_weekly_report_auto_subscribe_views.WeeklyReportAutoSubscribeTestCase" name="test_missing_post_request_parameter" time="0.005" timestamp="2025-06-30T05:40:52" file="advisor/api/tests/test_weekly_report_auto_subscribe_views.py" line="111"/>
	<testcase classname="api.tests.test_weekly_report_auto_subscribe_views.WeeklyReportAutoSubscribeTestCase" name="test_rbac_enabled_and_user_denied" time="0.013" timestamp="2025-06-30T05:40:52" file="advisor/api/tests/test_weekly_report_auto_subscribe_views.py" line="78"/>
</testsuite>
