<?xml version="1.0" encoding="UTF-8"?>
<testsuite name="api.tests.test_import_content.ImportContentViewTestCase-20250630054001" tests="4" file="api/tests/test_import_content.py" time="0.499" timestamp="2025-06-30T05:40:18" failures="0" errors="0" skipped="0">
	<testcase classname="api.tests.test_import_content.ImportContentViewTestCase" name="test_import_content_get" time="0.004" timestamp="2025-06-30T05:40:18" file="advisor/api/tests/test_import_content.py" line="1156"/>
	<testcase classname="api.tests.test_import_content.ImportContentViewTestCase" name="test_import_content_push_application_json" time="0.234" timestamp="2025-06-30T05:40:18" file="advisor/api/tests/test_import_content.py" line="1161"/>
	<testcase classname="api.tests.test_import_content.ImportContentViewTestCase" name="test_import_content_push_failures" time="0.009" timestamp="2025-06-30T05:40:18" file="advisor/api/tests/test_import_content.py" line="1221"/>
	<testcase classname="api.tests.test_import_content.ImportContentViewTestCase" name="test_import_content_push_non_json" time="0.252" timestamp="2025-06-30T05:40:18" file="advisor/api/tests/test_import_content.py" line="1190"/>
</testsuite>
