<?xml version="1.0" encoding="UTF-8"?>
<testsuite name="api.tests.test_middleware.MiddlewareTests-20250630235212" tests="4" file="api/tests/test_middleware.py" time="0.327" timestamp="2025-06-30T23:53:52" failures="0" errors="0" skipped="0">
	<testcase classname="api.tests.test_middleware.MiddlewareTests" name="test_middleware_response_failure" time="0.215" timestamp="2025-06-30T23:53:52" file="advisor/api/tests/test_middleware.py" line="57"/>
	<testcase classname="api.tests.test_middleware.MiddlewareTests" name="test_user_account_details_middleware_not_200" time="0.099" timestamp="2025-06-30T23:53:52" file="advisor/api/tests/test_middleware.py" line="45"/>
	<testcase classname="api.tests.test_middleware.MiddlewareTests" name="test_user_account_details_middleware_not_set" time="0.008" timestamp="2025-06-30T23:53:52" file="advisor/api/tests/test_middleware.py" line="38"/>
	<testcase classname="api.tests.test_middleware.MiddlewareTests" name="test_user_account_details_request_timeout" time="0.004" timestamp="2025-06-30T23:53:52" file="advisor/api/tests/test_middleware.py" line="77"/>
</testsuite>
