<?xml version="1.0" encoding="UTF-8"?>
<testsuite name="api.tests.test_playbook_views.PlaybookViewTestCase-20250630235212" tests="2" file="api/tests/test_playbook_views.py" time="0.017" timestamp="2025-06-30T23:53:56" failures="0" errors="0" skipped="0">
	<testcase classname="api.tests.test_playbook_views.PlaybookViewTestCase" name="test_playbook_detail" time="0.008" timestamp="2025-06-30T23:53:56" file="advisor/api/tests/test_playbook_views.py" line="48"/>
	<testcase classname="api.tests.test_playbook_views.PlaybookViewTestCase" name="test_playbook_list" time="0.008" timestamp="2025-06-30T23:53:56" file="advisor/api/tests/test_playbook_views.py" line="29"/>
</testsuite>
