<?xml version="1.0" encoding="UTF-8"?>
<testsuite name="api.tests.test_upload_model.UploadTestCase-20250630235212" tests="6" file="api/tests/test_upload_model.py" time="0.081" timestamp="2025-06-30T23:54:15" failures="0" errors="0" skipped="0">
	<testcase classname="api.tests.test_upload_model.UploadTestCase" name="test_current_upload_flag_correctness" time="0.024" timestamp="2025-06-30T23:54:15" file="advisor/api/tests/test_upload_model.py" line="102">
		<!--
        We must ensure in the test data that only the most recent upload for
        each upload source has its 'current' flag set.
        -->
	</testcase>
	<testcase classname="api.tests.test_upload_model.UploadTestCase" name="test_deleting_an_upload_deletes_its_reports" time="0.015" timestamp="2025-06-30T23:54:15" file="advisor/api/tests/test_upload_model.py" line="74"/>
	<testcase classname="api.tests.test_upload_model.UploadTestCase" name="test_no_duplicate_uploads" time="0.003" timestamp="2025-06-30T23:54:15" file="advisor/api/tests/test_upload_model.py" line="61"/>
	<testcase classname="api.tests.test_upload_model.UploadTestCase" name="test_upload_has_same_account_as_host" time="0.016" timestamp="2025-06-30T23:54:15" file="advisor/api/tests/test_upload_model.py" line="147">
		<!--
        Each upload should have the same account as its host.
        -->
	</testcase>
	<testcase classname="api.tests.test_upload_model.UploadTestCase" name="test_upload_host_id_account_invariant" time="0.012" timestamp="2025-06-30T23:54:15" file="advisor/api/tests/test_upload_model.py" line="132">
		<!--
        Each system should stay consistently within one account.
        -->
	</testcase>
	<testcase classname="api.tests.test_upload_model.UploadTestCase" name="test_upload_properties" time="0.012" timestamp="2025-06-30T23:54:15" file="advisor/api/tests/test_upload_model.py" line="39"/>
</testsuite>
