<?xml version="1.0" encoding="UTF-8"?>
<testsuite name="api.tests.test_import_content.ImportContentNotifAction-20250630054001" tests="4" file="api/tests/test_import_content.py" time="2.176" timestamp="2025-06-30T05:40:15" failures="0" errors="0" skipped="0">
	<testcase classname="api.tests.test_import_content.ImportContentNotifAction" name="test_disabled_rule_notifications" time="0.175" timestamp="2025-06-30T05:40:13" file="advisor/api/tests/test_import_content.py" line="1871"/>
	<testcase classname="api.tests.test_import_content.ImportContentNotifAction" name="test_notif_action_speling" time="0.295" timestamp="2025-06-30T05:40:13" file="advisor/api/tests/test_import_content.py" line="1841"/>
	<testcase classname="api.tests.test_import_content.ImportContentNotifAction" name="test_publish_date_change" time="1.455" timestamp="2025-06-30T05:40:14" file="advisor/api/tests/test_import_content.py" line="1780"/>
	<testcase classname="api.tests.test_import_content.ImportContentNotifAction" name="test_publish_date_no_change" time="0.251" timestamp="2025-06-30T05:40:15" file="advisor/api/tests/test_import_content.py" line="1746"/>
</testsuite>
