<?xml version="1.0" encoding="UTF-8"?>
<testsuite name="tasks.tests.test_executed_task_views.ExecutedTaskViewTestCase-20250630054001" tests="28" file="tasks/tests/test_executed_task_views.py" time="1.596" timestamp="2025-06-30T05:41:07" failures="0" errors="0" skipped="0">
	<testcase classname="tasks.tests.test_executed_task_views.ExecutedTaskViewTestCase" name="test_executed_task_cancel" time="0.042" timestamp="2025-06-30T05:41:05" file="advisor/tasks/tests/test_executed_task_views.py" line="212"/>
	<testcase classname="tasks.tests.test_executed_task_views.ExecutedTaskViewTestCase" name="test_executed_task_create" time="0.092" timestamp="2025-06-30T05:41:05" file="advisor/tasks/tests/test_executed_task_views.py" line="321"/>
	<testcase classname="tasks.tests.test_executed_task_views.ExecutedTaskViewTestCase" name="test_executed_task_create_all_disconnected" time="0.042" timestamp="2025-06-30T05:41:05" file="advisor/tasks/tests/test_executed_task_views.py" line="1127"/>
	<testcase classname="tasks.tests.test_executed_task_views.ExecutedTaskViewTestCase" name="test_executed_task_create_bash" time="0.048" timestamp="2025-06-30T05:41:05" file="advisor/tasks/tests/test_executed_task_views.py" line="518"/>
	<testcase classname="tasks.tests.test_executed_task_views.ExecutedTaskViewTestCase" name="test_executed_task_create_bash_http_error" time="0.051" timestamp="2025-06-30T05:41:05" file="advisor/tasks/tests/test_executed_task_views.py" line="1064"/>
	<testcase classname="tasks.tests.test_executed_task_views.ExecutedTaskViewTestCase" name="test_executed_task_create_disconnected_system" time="0.046" timestamp="2025-06-30T05:41:05" file="advisor/tasks/tests/test_executed_task_views.py" line="1095"/>
	<testcase classname="tasks.tests.test_executed_task_views.ExecutedTaskViewTestCase" name="test_executed_task_create_error" time="0.027" timestamp="2025-06-30T05:41:05" file="advisor/tasks/tests/test_executed_task_views.py" line="504"/>
	<testcase classname="tasks.tests.test_executed_task_views.ExecutedTaskViewTestCase" name="test_executed_task_create_fifty_systems" time="0.290" timestamp="2025-06-30T05:41:06" file="advisor/tasks/tests/test_executed_task_views.py" line="1029"/>
	<testcase classname="tasks.tests.test_executed_task_views.ExecutedTaskViewTestCase" name="test_executed_task_create_logs_to_splunk" time="0.041" timestamp="2025-06-30T05:41:06" file="advisor/tasks/tests/test_executed_task_views.py" line="475"/>
	<testcase classname="tasks.tests.test_executed_task_views.ExecutedTaskViewTestCase" name="test_executed_task_create_with_blank_parameter" time="0.058" timestamp="2025-06-30T05:41:06" file="advisor/tasks/tests/test_executed_task_views.py" line="908"/>
	<testcase classname="tasks.tests.test_executed_task_views.ExecutedTaskViewTestCase" name="test_executed_task_create_with_multiple_parameters" time="0.067" timestamp="2025-06-30T05:41:06" file="advisor/tasks/tests/test_executed_task_views.py" line="962"/>
	<testcase classname="tasks.tests.test_executed_task_views.ExecutedTaskViewTestCase" name="test_executed_task_create_with_parameters" time="0.161" timestamp="2025-06-30T05:41:06" file="advisor/tasks/tests/test_executed_task_views.py" line="566"/>
	<testcase classname="tasks.tests.test_executed_task_views.ExecutedTaskViewTestCase" name="test_executed_task_create_with_parameters_required_default_none_supplied" time="0.080" timestamp="2025-06-30T05:41:06" file="advisor/tasks/tests/test_executed_task_views.py" line="856"/>
	<testcase classname="tasks.tests.test_executed_task_views.ExecutedTaskViewTestCase" name="test_executed_task_destroy" time="0.029" timestamp="2025-06-30T05:41:06" file="advisor/tasks/tests/test_executed_task_views.py" line="1183"/>
	<testcase classname="tasks.tests.test_executed_task_views.ExecutedTaskViewTestCase" name="test_executed_task_destroy_bad_playbook_dispatcher" time="0.010" timestamp="2025-06-30T05:41:06" file="advisor/tasks/tests/test_executed_task_views.py" line="1225"/>
	<testcase classname="tasks.tests.test_executed_task_views.ExecutedTaskViewTestCase" name="test_executed_task_destroy_completed_task" time="0.020" timestamp="2025-06-30T05:41:06" file="advisor/tasks/tests/test_executed_task_views.py" line="1163"/>
	<testcase classname="tasks.tests.test_executed_task_views.ExecutedTaskViewTestCase" name="test_executed_task_destroy_missing_systems" time="0.027" timestamp="2025-06-30T05:41:06" file="advisor/tasks/tests/test_executed_task_views.py" line="1241"/>
	<testcase classname="tasks.tests.test_executed_task_views.ExecutedTaskViewTestCase" name="test_executed_task_detail" time="0.038" timestamp="2025-06-30T05:41:06" file="advisor/tasks/tests/test_executed_task_views.py" line="248"/>
	<testcase classname="tasks.tests.test_executed_task_views.ExecutedTaskViewTestCase" name="test_executed_task_detail_parameters_ordered_by_index" time="0.020" timestamp="2025-06-30T05:41:06" file="advisor/tasks/tests/test_executed_task_views.py" line="116"/>
	<testcase classname="tasks.tests.test_executed_task_views.ExecutedTaskViewTestCase" name="test_executed_task_job_log" time="0.024" timestamp="2025-06-30T05:41:06" file="advisor/tasks/tests/test_executed_task_views.py" line="1434"/>
	<testcase classname="tasks.tests.test_executed_task_views.ExecutedTaskViewTestCase" name="test_executed_task_job_log_deleted_host" time="0.017" timestamp="2025-06-30T05:41:06" file="advisor/tasks/tests/test_executed_task_views.py" line="1468"/>
	<testcase classname="tasks.tests.test_executed_task_views.ExecutedTaskViewTestCase" name="test_executed_task_jobs" time="0.035" timestamp="2025-06-30T05:41:06" file="advisor/tasks/tests/test_executed_task_views.py" line="1283"/>
	<testcase classname="tasks.tests.test_executed_task_views.ExecutedTaskViewTestCase" name="test_executed_task_jobs_filter" time="0.051" timestamp="2025-06-30T05:41:06" file="advisor/tasks/tests/test_executed_task_views.py" line="1362"/>
	<testcase classname="tasks.tests.test_executed_task_views.ExecutedTaskViewTestCase" name="test_executed_task_jobs_sort" time="0.045" timestamp="2025-06-30T05:41:06" file="advisor/tasks/tests/test_executed_task_views.py" line="1323"/>
	<testcase classname="tasks.tests.test_executed_task_views.ExecutedTaskViewTestCase" name="test_executed_task_jobs_with_deleted_host" time="0.022" timestamp="2025-06-30T05:41:06" file="advisor/tasks/tests/test_executed_task_views.py" line="1406"/>
	<testcase classname="tasks.tests.test_executed_task_views.ExecutedTaskViewTestCase" name="test_executed_task_list" time="0.016" timestamp="2025-06-30T05:41:06" file="advisor/tasks/tests/test_executed_task_views.py" line="49"/>
	<testcase classname="tasks.tests.test_executed_task_views.ExecutedTaskViewTestCase" name="test_executed_task_list_filter" time="0.039" timestamp="2025-06-30T05:41:07" file="advisor/tasks/tests/test_executed_task_views.py" line="126"/>
	<testcase classname="tasks.tests.test_executed_task_views.ExecutedTaskViewTestCase" name="test_executed_task_list_sort" time="0.160" timestamp="2025-06-30T05:41:07" file="advisor/tasks/tests/test_executed_task_views.py" line="166"/>
</testsuite>
