<?xml version="1.0" encoding="UTF-8"?>
<testsuite name="api.tests.test_floorist.FlooristQueryTest-20250630054001" tests="1" file="api/tests/test_floorist.py" time="0.174" timestamp="2025-06-30T05:40:08" failures="0" errors="0" skipped="0">
	<testcase classname="api.tests.test_floorist.FlooristQueryTest" name="test_floorist_queries_run" time="0.174" timestamp="2025-06-30T05:40:08" file="advisor/api/tests/test_floorist.py" line="30">
		<!--
        Simple test that runs the floorist queries to ensure each query is valid SQL.
        -->
	</testcase>
</testsuite>
