<?xml version="1.0" encoding="UTF-8"?>
<testsuite name="api.tests.test_api_docs.PlatformPathTestCase-20250630054001" tests="1" file="api/tests/test_api_docs.py" time="0.019" timestamp="2025-06-30T05:40:04" failures="0" errors="1" skipped="0">
	<testcase classname="api.tests.test_api_docs.PlatformPathTestCase" name="test_paths" time="0.019" timestamp="2025-06-30T05:40:04" file="advisor/api/tests/test_api_docs.py" line="403">
		<error type="AttributeError" message="module 'project_settings.settings' has no attribute 'PLATFORM_PATH_PREFIX'"><![CDATA[Traceback (most recent call last):
  File "/home/pwayper/Code/insights/advisor-backend/api/advisor/api/tests/test_api_docs.py", line 408, in test_paths
    '/' + settings.PLATFORM_PATH_PREFIX + suffix,
          ^^^^^^^^^^^^^^^^^^^^^^^^^^^^^
AttributeError: module 'project_settings.settings' has no attribute 'PLATFORM_PATH_PREFIX'
]]></error>
	</testcase>
</testsuite>
