<?xml version="1.0" encoding="UTF-8"?>
<testsuite name="api.tests.test_import_content_command.NoDataImportContentTestCase-20250630054001" tests="6" file="api/tests/test_import_content_command.py" time="1.150" timestamp="2025-06-30T05:40:21" failures="0" errors="0" skipped="0">
	<testcase classname="api.tests.test_import_content_command.NoDataImportContentTestCase" name="test_autoack_import" time="0.005" timestamp="2025-06-30T05:40:20" file="advisor/api/tests/test_import_content_command.py" line="322"/>
	<testcase classname="api.tests.test_import_content_command.NoDataImportContentTestCase" name="test_basic_import_rule_config" time="0.140" timestamp="2025-06-30T05:40:20" file="advisor/api/tests/test_import_content_command.py" line="262"/>
	<testcase classname="api.tests.test_import_content_command.NoDataImportContentTestCase" name="test_basic_import_rule_content" time="0.159" timestamp="2025-06-30T05:40:20" file="advisor/api/tests/test_import_content_command.py" line="277"/>
	<testcase classname="api.tests.test_import_content_command.NoDataImportContentTestCase" name="test_content_dump_load" time="0.207" timestamp="2025-06-30T05:40:21" file="advisor/api/tests/test_import_content_command.py" line="446"/>
	<testcase classname="api.tests.test_import_content_command.NoDataImportContentTestCase" name="test_content_dump_load_compressed" time="0.197" timestamp="2025-06-30T05:40:21" file="advisor/api/tests/test_import_content_command.py" line="497"/>
	<testcase classname="api.tests.test_import_content_command.NoDataImportContentTestCase" name="test_content_update" time="0.442" timestamp="2025-06-30T05:40:21" file="advisor/api/tests/test_import_content_command.py" line="361">
		<!--
        Test updates to content.
        -->
	</testcase>
</testsuite>
