<?xml version="1.0" encoding="UTF-8"?>
<testsuite name="tasks.tests.test_job_views.JobViewTestCase-20250630054001" tests="7" file="tasks/tests/test_job_views.py" time="0.082" timestamp="2025-06-30T05:41:07" failures="0" errors="0" skipped="0">
	<testcase classname="tasks.tests.test_job_views.JobViewTestCase" name="test_job_detail" time="0.009" timestamp="2025-06-30T05:41:07" file="advisor/tasks/tests/test_job_views.py" line="123"/>
	<testcase classname="tasks.tests.test_job_views.JobViewTestCase" name="test_job_detail_check_rhc_client_id" time="0.012" timestamp="2025-06-30T05:41:07" file="advisor/tasks/tests/test_job_views.py" line="144"/>
	<testcase classname="tasks.tests.test_job_views.JobViewTestCase" name="test_job_list" time="0.018" timestamp="2025-06-30T05:41:07" file="advisor/tasks/tests/test_job_views.py" line="58"/>
	<testcase classname="tasks.tests.test_job_views.JobViewTestCase" name="test_job_list_bad_param" time="0.003" timestamp="2025-06-30T05:41:07" file="advisor/tasks/tests/test_job_views.py" line="110"/>
	<testcase classname="tasks.tests.test_job_views.JobViewTestCase" name="test_job_live_stdout" time="0.016" timestamp="2025-06-30T05:41:07" file="advisor/tasks/tests/test_job_views.py" line="212"/>
	<testcase classname="tasks.tests.test_job_views.JobViewTestCase" name="test_job_log" time="0.011" timestamp="2025-06-30T05:41:07" file="advisor/tasks/tests/test_job_views.py" line="163"/>
	<testcase classname="tasks.tests.test_job_views.JobViewTestCase" name="test_job_stdout" time="0.012" timestamp="2025-06-30T05:41:07" file="advisor/tasks/tests/test_job_views.py" line="186"/>
</testsuite>
