<?xml version="1.0" encoding="UTF-8"?>
<testsuite name="api.tests.test_rule_topic_views.RuleTopicHostTagsViewsTestCase-20250630054001" tests="2" file="api/tests/test_rule_topic_views.py" time="0.082" timestamp="2025-06-30T05:40:34" failures="0" errors="0" skipped="0">
	<testcase classname="api.tests.test_rule_topic_views.RuleTopicHostTagsViewsTestCase" name="test_topic_list" time="0.042" timestamp="2025-06-30T05:40:34" file="advisor/api/tests/test_rule_topic_views.py" line="357"/>
	<testcase classname="api.tests.test_rule_topic_views.RuleTopicHostTagsViewsTestCase" name="test_topic_systems" time="0.040" timestamp="2025-06-30T05:40:34" file="advisor/api/tests/test_rule_topic_views.py" line="389"/>
</testsuite>
