<?xml version="1.0" encoding="UTF-8"?>
<testsuite name="sat_compat.tests.test_systems_views.SystemDupInsightsIDViewTestCase-20250630054001" tests="8" file="sat_compat/tests/test_systems_views.py" time="0.189" timestamp="2025-06-30T05:41:01" failures="0" errors="0" skipped="0">
	<testcase classname="sat_compat.tests.test_systems_views.SystemDupInsightsIDViewTestCase" name="test_destroy" time="0.029" timestamp="2025-06-30T05:41:01" file="advisor/sat_compat/tests/test_systems_views.py" line="1135"/>
	<testcase classname="sat_compat.tests.test_systems_views.SystemDupInsightsIDViewTestCase" name="test_groups" time="0.022" timestamp="2025-06-30T05:41:01" file="advisor/sat_compat/tests/test_systems_views.py" line="1090"/>
	<testcase classname="sat_compat.tests.test_systems_views.SystemDupInsightsIDViewTestCase" name="test_links" time="0.021" timestamp="2025-06-30T05:41:01" file="advisor/sat_compat/tests/test_systems_views.py" line="1124"/>
	<testcase classname="sat_compat.tests.test_systems_views.SystemDupInsightsIDViewTestCase" name="test_list_systems_name_filter" time="0.026" timestamp="2025-06-30T05:41:01" file="advisor/sat_compat/tests/test_systems_views.py" line="1055"/>
	<testcase classname="sat_compat.tests.test_systems_views.SystemDupInsightsIDViewTestCase" name="test_metadata" time="0.025" timestamp="2025-06-30T05:41:01" file="advisor/sat_compat/tests/test_systems_views.py" line="1113"/>
	<testcase classname="sat_compat.tests.test_systems_views.SystemDupInsightsIDViewTestCase" name="test_reports" time="0.043" timestamp="2025-06-30T05:41:01" file="advisor/sat_compat/tests/test_systems_views.py" line="1102"/>
	<testcase classname="sat_compat.tests.test_systems_views.SystemDupInsightsIDViewTestCase" name="test_retrieve" time="0.018" timestamp="2025-06-30T05:41:01" file="advisor/sat_compat/tests/test_systems_views.py" line="1075"/>
	<testcase classname="sat_compat.tests.test_systems_views.SystemDupInsightsIDViewTestCase" name="test_systems_available" time="0.005" timestamp="2025-06-30T05:41:01" file="advisor/sat_compat/tests/test_systems_views.py" line="1042"/>
</testsuite>
