<?xml version="1.0" encoding="UTF-8"?>
<testsuite name="tasks.tests.test_task_views.TaskViewTestCase-20250630235212" tests="13" file="tasks/tests/test_task_views.py" time="0.656" timestamp="2025-06-30T23:54:31" failures="0" errors="0" skipped="0">
	<testcase classname="tasks.tests.test_task_views.TaskViewTestCase" name="test_task_detail" time="0.011" timestamp="2025-06-30T23:54:30" file="advisor/tasks/tests/test_task_views.py" line="108"/>
	<testcase classname="tasks.tests.test_task_views.TaskViewTestCase" name="test_task_list" time="0.011" timestamp="2025-06-30T23:54:30" file="advisor/tasks/tests/test_task_views.py" line="53"/>
	<testcase classname="tasks.tests.test_task_views.TaskViewTestCase" name="test_task_no_public_edit" time="0.004" timestamp="2025-06-30T23:54:30" file="advisor/tasks/tests/test_task_views.py" line="142"/>
	<testcase classname="tasks.tests.test_task_views.TaskViewTestCase" name="test_task_playbook" time="0.044" timestamp="2025-06-30T23:54:31" file="advisor/tasks/tests/test_task_views.py" line="156"/>
	<testcase classname="tasks.tests.test_task_views.TaskViewTestCase" name="test_task_playbook_with_host_ansible" time="0.011" timestamp="2025-06-30T23:54:31" file="advisor/tasks/tests/test_task_views.py" line="282"/>
	<testcase classname="tasks.tests.test_task_views.TaskViewTestCase" name="test_task_playbook_with_host_fqdn" time="0.011" timestamp="2025-06-30T23:54:31" file="advisor/tasks/tests/test_task_views.py" line="254"/>
	<testcase classname="tasks.tests.test_task_views.TaskViewTestCase" name="test_task_system_list_connection_status_pd_available" time="0.036" timestamp="2025-06-30T23:54:31" file="advisor/tasks/tests/test_task_views.py" line="739"/>
	<testcase classname="tasks.tests.test_task_views.TaskViewTestCase" name="test_task_systems_all_systems_new_rhc_connection" time="0.052" timestamp="2025-06-30T23:54:31" file="advisor/tasks/tests/test_task_views.py" line="707"/>
	<testcase classname="tasks.tests.test_task_views.TaskViewTestCase" name="test_task_systems_host_group_filtering" time="0.053" timestamp="2025-06-30T23:54:31" file="advisor/tasks/tests/test_task_views.py" line="388"/>
	<testcase classname="tasks.tests.test_task_views.TaskViewTestCase" name="test_task_systems_requirements" time="0.065" timestamp="2025-06-30T23:54:31" file="advisor/tasks/tests/test_task_views.py" line="311"/>
	<testcase classname="tasks.tests.test_task_views.TaskViewTestCase" name="test_task_systems_requirements_bootc_image" time="0.089" timestamp="2025-06-30T23:54:31" file="advisor/tasks/tests/test_task_views.py" line="422"/>
	<testcase classname="tasks.tests.test_task_views.TaskViewTestCase" name="test_task_systems_requirements_rhel_os_versions" time="0.154" timestamp="2025-06-30T23:54:31" file="advisor/tasks/tests/test_task_views.py" line="579"/>
	<testcase classname="tasks.tests.test_task_views.TaskViewTestCase" name="test_task_systems_requirements_rhelai_image" time="0.117" timestamp="2025-06-30T23:54:31" file="advisor/tasks/tests/test_task_views.py" line="495"/>
</testsuite>
