<?xml version="1.0" encoding="UTF-8"?>
<testsuite name="tasks.tests.test_playbook_run_update.TaskJobUpdateTestCase-20250630235212" tests="8" file="tasks/tests/test_playbook_run_update.py" time="0.202" timestamp="2025-06-30T23:54:29" failures="0" errors="0" skipped="0">
	<testcase classname="tasks.tests.test_playbook_run_update.TaskJobUpdateTestCase" name="test_job_update_bad_status" time="0.007" timestamp="2025-06-30T23:54:29" file="advisor/tasks/tests/test_playbook_run_update.py" line="320"/>
	<testcase classname="tasks.tests.test_playbook_run_update.TaskJobUpdateTestCase" name="test_job_update_complete_json_response" time="0.038" timestamp="2025-06-30T23:54:29" file="advisor/tasks/tests/test_playbook_run_update.py" line="159"/>
	<testcase classname="tasks.tests.test_playbook_run_update.TaskJobUpdateTestCase" name="test_job_update_complete_json_response_eoln" time="0.034" timestamp="2025-06-30T23:54:29" file="advisor/tasks/tests/test_playbook_run_update.py" line="220"/>
	<testcase classname="tasks.tests.test_playbook_run_update.TaskJobUpdateTestCase" name="test_job_update_deleted_system" time="0.031" timestamp="2025-06-30T23:54:29" file="advisor/tasks/tests/test_playbook_run_update.py" line="280"/>
	<testcase classname="tasks.tests.test_playbook_run_update.TaskJobUpdateTestCase" name="test_job_update_failure" time="0.026" timestamp="2025-06-30T23:54:29" file="advisor/tasks/tests/test_playbook_run_update.py" line="361"/>
	<testcase classname="tasks.tests.test_playbook_run_update.TaskJobUpdateTestCase" name="test_job_update_mangled_json_response" time="0.029" timestamp="2025-06-30T23:54:29" file="advisor/tasks/tests/test_playbook_run_update.py" line="329"/>
	<testcase classname="tasks.tests.test_playbook_run_update.TaskJobUpdateTestCase" name="test_job_update_no_data" time="0.023" timestamp="2025-06-30T23:54:29" file="advisor/tasks/tests/test_playbook_run_update.py" line="390"/>
	<testcase classname="tasks.tests.test_playbook_run_update.TaskJobUpdateTestCase" name="test_job_update_non_org_admin" time="0.014" timestamp="2025-06-30T23:54:29" file="advisor/tasks/tests/test_playbook_run_update.py" line="305"/>
</testsuite>
