<?xml version="1.0" encoding="UTF-8"?>
<testsuite name="sat_compat.tests.test_maintenance_views.MaintenanceDupInsightsIDViewTestCase-20250630054001" tests="1" file="sat_compat/tests/test_maintenance_views.py" time="0.032" timestamp="2025-06-30T05:40:56" failures="0" errors="0" skipped="0">
	<testcase classname="sat_compat.tests.test_maintenance_views.MaintenanceDupInsightsIDViewTestCase" name="test_maintenance_list" time="0.032" timestamp="2025-06-30T05:40:56" file="advisor/sat_compat/tests/test_maintenance_views.py" line="944"/>
</testsuite>
