<?xml version="1.0" encoding="UTF-8"?>
<testsuite name="api.tests.test_import_content.ImportContentPathways-20250630235212" tests="3" file="api/tests/test_import_content.py" time="0.468" timestamp="2025-06-30T23:52:23" failures="0" errors="0" skipped="0">
	<testcase classname="api.tests.test_import_content.ImportContentPathways" name="test_default_pathways" time="0.002" timestamp="2025-06-30T23:52:23" file="advisor/api/tests/test_import_content.py" line="1631"/>
	<testcase classname="api.tests.test_import_content.ImportContentPathways" name="test_importing_modified_pathway" time="0.177" timestamp="2025-06-30T23:52:23" file="advisor/api/tests/test_import_content.py" line="1699"/>
	<testcase classname="api.tests.test_import_content.ImportContentPathways" name="test_importing_pathways" time="0.289" timestamp="2025-06-30T23:52:23" file="advisor/api/tests/test_import_content.py" line="1648"/>
</testsuite>
