<?xml version="1.0" encoding="UTF-8"?>
<testsuite name="sat_compat.tests.test_static_views.StaticViewsTestCase-20250630054001" tests="9" file="sat_compat/tests/test_static_views.py" time="0.055" timestamp="2025-06-30T05:41:01" failures="0" errors="0" skipped="0">
	<testcase classname="sat_compat.tests.test_static_views.StaticViewsTestCase" name="test_account_products" time="0.007" timestamp="2025-06-30T05:41:00" file="advisor/sat_compat/tests/test_static_views.py" line="33"/>
	<testcase classname="sat_compat.tests.test_static_views.StaticViewsTestCase" name="test_account_settings" time="0.007" timestamp="2025-06-30T05:41:00" file="advisor/sat_compat/tests/test_static_views.py" line="48"/>
	<testcase classname="sat_compat.tests.test_static_views.StaticViewsTestCase" name="test_account_v2_products" time="0.007" timestamp="2025-06-30T05:41:00" file="advisor/sat_compat/tests/test_static_views.py" line="67"/>
	<testcase classname="sat_compat.tests.test_static_views.StaticViewsTestCase" name="test_account_v2_settings" time="0.006" timestamp="2025-06-30T05:41:00" file="advisor/sat_compat/tests/test_static_views.py" line="82"/>
	<testcase classname="sat_compat.tests.test_static_views.StaticViewsTestCase" name="test_articles_overview" time="0.010" timestamp="2025-06-30T05:41:01" file="advisor/sat_compat/tests/test_static_views.py" line="101"/>
	<testcase classname="sat_compat.tests.test_static_views.StaticViewsTestCase" name="test_branch_info" time="0.005" timestamp="2025-06-30T05:41:01" file="advisor/sat_compat/tests/test_static_views.py" line="122"/>
	<testcase classname="sat_compat.tests.test_static_views.StaticViewsTestCase" name="test_evaluation_status" time="0.005" timestamp="2025-06-30T05:41:01" file="advisor/sat_compat/tests/test_static_views.py" line="133"/>
	<testcase classname="sat_compat.tests.test_static_views.StaticViewsTestCase" name="test_group_v1_list" time="0.005" timestamp="2025-06-30T05:41:01" file="advisor/sat_compat/tests/test_static_views.py" line="143"/>
	<testcase classname="sat_compat.tests.test_static_views.StaticViewsTestCase" name="test_group_v3_list" time="0.004" timestamp="2025-06-30T05:41:01" file="advisor/sat_compat/tests/test_static_views.py" line="151"/>
</testsuite>
