<?xml version="1.0" encoding="UTF-8"?>
<testsuite name="api.tests.test_export_views.ExportViewTestCase-20250630235212" tests="8" file="api/tests/test_export_views.py" time="0.976" timestamp="2025-06-30T23:52:17" failures="0" errors="0" skipped="0">
	<testcase classname="api.tests.test_export_views.ExportViewTestCase" name="test_host_and_rule_export" time="0.031" timestamp="2025-06-30T23:52:16" file="advisor/api/tests/test_export_views.py" line="83">
		<!--
        Tests of host_and_rule export; no Inventory testing yet.
        -->
	</testcase>
	<testcase classname="api.tests.test_export_views.ExportViewTestCase" name="test_host_and_rule_export_cert_auth" time="0.011" timestamp="2025-06-30T23:52:16" file="advisor/api/tests/test_export_views.py" line="436"/>
	<testcase classname="api.tests.test_export_views.ExportViewTestCase" name="test_host_and_rule_export_filters" time="0.337" timestamp="2025-06-30T23:52:16" file="advisor/api/tests/test_export_views.py" line="160"/>
	<testcase classname="api.tests.test_export_views.ExportViewTestCase" name="test_host_and_rule_export_filters_json" time="0.320" timestamp="2025-06-30T23:52:17" file="advisor/api/tests/test_export_views.py" line="455"/>
	<testcase classname="api.tests.test_export_views.ExportViewTestCase" name="test_reports_export" time="0.011" timestamp="2025-06-30T23:52:17" file="advisor/api/tests/test_export_views.py" line="724">
		<!--
        Tests of Reports export - JSON only
        -->
	</testcase>
	<testcase classname="api.tests.test_export_views.ExportViewTestCase" name="test_rules_export" time="0.031" timestamp="2025-06-30T23:52:17" file="advisor/api/tests/test_export_views.py" line="755">
		<!--
        Tests of Rules export - JSON only
        -->
	</testcase>
	<testcase classname="api.tests.test_export_views.ExportViewTestCase" name="test_systems_export" time="0.176" timestamp="2025-06-30T23:52:17" file="advisor/api/tests/test_export_views.py" line="782">
		<!--
        Tests of Systems export
        -->
	</testcase>
	<testcase classname="api.tests.test_export_views.ExportViewTestCase" name="test_systems_export_filter" time="0.058" timestamp="2025-06-30T23:52:17" file="advisor/api/tests/test_export_views.py" line="884">
		<!--
        Tests of Systems export with filter param
        -->
	</testcase>
</testsuite>
