<?xml version="1.0" encoding="UTF-8"?>
<testsuite name="api.tests.test_view_auth.TestBaseAssociatePermission-20250630235212" tests="3" file="api/tests/test_view_auth.py" time="0.002" timestamp="2025-06-30T23:54:15" failures="0" errors="0" skipped="0">
	<testcase classname="api.tests.test_view_auth.TestBaseAssociatePermission" name="test_has_permission_allowed_views" time="0.001" timestamp="2025-06-30T23:54:15" file="advisor/api/tests/test_view_auth.py" line="662"/>
	<testcase classname="api.tests.test_view_auth.TestBaseAssociatePermission" name="test_has_permission_no_identity" time="0.000" timestamp="2025-06-30T23:54:15" file="advisor/api/tests/test_view_auth.py" line="653"/>
	<testcase classname="api.tests.test_view_auth.TestBaseAssociatePermission" name="test_not_implemented" time="0.000" timestamp="2025-06-30T23:54:15" file="advisor/api/tests/test_view_auth.py" line="649"/>
</testsuite>
