<?xml version="1.0" encoding="UTF-8"?>
<testsuite name="api.tests.test_rbac.KesselTestCase-20250630235212" tests="3" file="api/tests/test_rbac.py" time="0.002" timestamp="2025-06-30T23:53:57" failures="0" errors="0" skipped="0">
	<testcase classname="api.tests.test_rbac.KesselTestCase" name="test_kessel_allowed_if_rbac_not_enabled" time="0.001" timestamp="2025-06-30T23:53:57" file="advisor/api/tests/test_rbac.py" line="566"/>
	<testcase classname="api.tests.test_rbac.KesselTestCase" name="test_kessel_host_check_ok" time="0.001" timestamp="2025-06-30T23:53:57" file="advisor/api/tests/test_rbac.py" line="588"/>
	<testcase classname="api.tests.test_rbac.KesselTestCase" name="test_kessel_host_none_in_resourcescope_host" time="0.001" timestamp="2025-06-30T23:53:57" file="advisor/api/tests/test_rbac.py" line="576"/>
</testsuite>
