<?xml version="1.0" encoding="UTF-8"?>
<testsuite name="tasks.tests.test_stale_job_timeout_command.StaleJobTimeoutCommandTestCase-20250630235212" tests="1" file="tasks/tests/test_stale_job_timeout_command.py" time="0.024" timestamp="2025-06-30T23:54:30" failures="0" errors="0" skipped="0">
	<testcase classname="tasks.tests.test_stale_job_timeout_command.StaleJobTimeoutCommandTestCase" name="test_stale_job_timeout" time="0.024" timestamp="2025-06-30T23:54:30" file="advisor/tasks/tests/test_stale_job_timeout_command.py" line="28"/>
</testsuite>
