<?xml version="1.0" encoding="UTF-8"?>
<testsuite name="api.tests.test_kcs_views.KcsViewTestCase-20250630054001" tests="5" file="api/tests/test_kcs_views.py" time="0.075" timestamp="2025-06-30T05:40:22" failures="0" errors="0" skipped="0">
	<testcase classname="api.tests.test_kcs_views.KcsViewTestCase" name="test_kcs_detail" time="0.020" timestamp="2025-06-30T05:40:22" file="advisor/api/tests/test_kcs_views.py" line="41"/>
	<testcase classname="api.tests.test_kcs_views.KcsViewTestCase" name="test_kcs_detail_invalid_node_id" time="0.016" timestamp="2025-06-30T05:40:22" file="advisor/api/tests/test_kcs_views.py" line="58"/>
	<testcase classname="api.tests.test_kcs_views.KcsViewTestCase" name="test_kcs_list" time="0.008" timestamp="2025-06-30T05:40:22" file="advisor/api/tests/test_kcs_views.py" line="29"/>
	<testcase classname="api.tests.test_kcs_views.KcsViewTestCase" name="test_node_ids_bad_parameters" time="0.008" timestamp="2025-06-30T05:40:22" file="advisor/api/tests/test_kcs_views.py" line="107"/>
	<testcase classname="api.tests.test_kcs_views.KcsViewTestCase" name="test_node_ids_parameter" time="0.022" timestamp="2025-06-30T05:40:22" file="advisor/api/tests/test_kcs_views.py" line="79"/>
</testsuite>
