<?xml version="1.0" encoding="UTF-8"?>
<testsuite name="tasks.tests.test_satellite_tracking.TaskSatTrackingTestCase-20250630054001" tests="4" file="tasks/tests/test_satellite_tracking.py" time="0.020" timestamp="2025-06-30T05:41:08" failures="0" errors="0" skipped="0">
	<testcase classname="tasks.tests.test_satellite_tracking.TaskSatTrackingTestCase" name="test_correlate_satellite_to_rhc" time="0.008" timestamp="2025-06-30T05:41:08" file="advisor/tasks/tests/test_satellite_tracking.py" line="148"/>
	<testcase classname="tasks.tests.test_satellite_tracking.TaskSatTrackingTestCase" name="test_non_satellite_source_type" time="0.002" timestamp="2025-06-30T05:41:08" file="advisor/tasks/tests/test_satellite_tracking.py" line="188"/>
	<testcase classname="tasks.tests.test_satellite_tracking.TaskSatTrackingTestCase" name="test_skip_non_uuid_satellite" time="0.001" timestamp="2025-06-30T05:41:08" file="advisor/tasks/tests/test_satellite_tracking.py" line="162">
		<!-- A lot of people put test data in the sources service that do not correlate to real satellites.
        This ensures we skip sources with non uuid source refs, instead of generating thousands of error logs.-->
	</testcase>
	<testcase classname="tasks.tests.test_satellite_tracking.TaskSatTrackingTestCase" name="test_update_satellite_source_id" time="0.009" timestamp="2025-06-30T05:41:08" file="advisor/tasks/tests/test_satellite_tracking.py" line="171"/>
</testsuite>
