<?xml version="1.0" encoding="UTF-8"?>
<testsuite name="sat_compat.tests.test_upload_views.UploaderTestCase-20250630054001" tests="2" file="sat_compat/tests/test_upload_views.py" time="0.030" timestamp="2025-06-30T05:41:05" failures="0" errors="0" skipped="0">
	<testcase classname="sat_compat.tests.test_upload_views.UploaderTestCase" name="test_ping_view" time="0.004" timestamp="2025-06-30T05:41:05" file="advisor/sat_compat/tests/test_upload_views.py" line="35"/>
	<testcase classname="sat_compat.tests.test_upload_views.UploaderTestCase" name="test_system_views" time="0.026" timestamp="2025-06-30T05:41:05" file="advisor/sat_compat/tests/test_upload_views.py" line="44"/>
</testsuite>
